2025-03-12 19:13:33.898 [info] [main] Log level: Info
2025-03-12 19:13:33.898 [info] [main] Validating found git in: "git"
2025-03-12 19:13:33.898 [info] [main] Using git "2.43.0" from "git"
2025-03-12 19:13:33.898 [info] [Model][doInitialScan] Initial repository scan started
2025-03-12 19:13:33.898 [info] > git rev-parse --show-toplevel [3ms]
2025-03-12 19:13:33.898 [info] > git rev-parse --git-dir --git-common-dir [2ms]
2025-03-12 19:13:33.898 [info] [Model][openRepository] Opened repository: /home/rank/ucc-gestionBS
2025-03-12 19:13:33.898 [info] [Model][doInitialScan] Initial repository scan completed - repositories (1), closed repositories (0), parent repositories (0), unsafe repositories (0)
2025-03-12 19:13:33.939 [info] > git config --get commit.template [39ms]
2025-03-12 19:13:33.943 [info] > git for-each-ref --format=%(refname)%00%(upstream:short)%00%(objectname)%00%(upstream:track)%00%(upstream:remotename)%00%(upstream:remoteref) refs/heads/main refs/remotes/main [2ms]
2025-03-12 19:13:33.956 [info] > git status -z -uall [11ms]
2025-03-12 19:13:33.957 [info] > git for-each-ref --sort -committerdate --format %(refname) %(objectname) %(*objectname) [10ms]
2025-03-12 19:13:33.976 [info] > git for-each-ref --format=%(refname)%00%(upstream:short)%00%(objectname)%00%(upstream:track)%00%(upstream:remotename)%00%(upstream:remoteref) refs/heads/main refs/remotes/main [4ms]
2025-03-12 19:13:33.978 [info] > git config --get commit.template [3ms]
2025-03-12 19:13:33.979 [info] > git config --get --local branch.main.vscode-merge-base [2ms]
2025-03-12 19:13:33.979 [warning] [Git][config] git config failed: Failed to execute git
2025-03-12 19:13:33.984 [info] > git for-each-ref --format=%(refname)%00%(upstream:short)%00%(objectname)%00%(upstream:track)%00%(upstream:remotename)%00%(upstream:remoteref) refs/heads/main refs/remotes/main [2ms]
2025-03-12 19:13:33.984 [info] > git reflog main --grep-reflog=branch: Created from *. [3ms]
2025-03-12 19:13:33.992 [info] > git status -z -uall [4ms]
2025-03-12 19:13:33.992 [info] > git for-each-ref --sort -committerdate --format %(refname) %(objectname) %(*objectname) [3ms]
2025-03-12 19:13:33.996 [info] > git symbolic-ref --short refs/remotes/origin/HEAD [11ms]
2025-03-12 19:13:33.996 [info] fatal: ref refs/remotes/origin/HEAD is not a symbolic ref
2025-03-12 19:13:33.996 [warning] [Repository][getDefaultBranch] Failed to get default branch details: Failed to execute git.
2025-03-12 19:13:33.999 [info] > git for-each-ref --format=%(refname)%00%(upstream:short)%00%(objectname)%00%(upstream:track)%00%(upstream:remotename)%00%(upstream:remoteref) refs/heads/main refs/remotes/main [4ms]
2025-03-12 19:13:34.001 [info] > git merge-base refs/heads/main refs/remotes/origin/main [2ms]
2025-03-12 19:13:34.003 [info] > git config --get --local branch.main.vscode-merge-base [3ms]
2025-03-12 19:13:34.003 [warning] [Git][config] git config failed: Failed to execute git
2025-03-12 19:13:34.005 [info] > git diff --name-status -z --diff-filter=ADMR 89e31683cdbb7d286644636852dc80126abdad54...refs/remotes/origin/main [3ms]
2025-03-12 19:13:34.006 [info] > git reflog main --grep-reflog=branch: Created from *. [2ms]
2025-03-12 19:13:34.008 [info] > git symbolic-ref --short refs/remotes/origin/HEAD [1ms]
2025-03-12 19:13:34.008 [info] fatal: ref refs/remotes/origin/HEAD is not a symbolic ref
2025-03-12 19:13:34.008 [warning] [Repository][getDefaultBranch] Failed to get default branch details: Failed to execute git.
2025-03-12 19:13:34.407 [info] > git check-ignore -v -z --stdin [1ms]
2025-03-12 19:13:57.865 [info] > git show --textconv :docker-compose.yml [3ms]
2025-03-12 19:13:57.868 [info] > git ls-files --stage -- docker-compose.yml [3ms]
2025-03-12 19:13:57.927 [info] > git cat-file -s 8d65aba51a2272f9213e5b01a1120b3b65f16a53 [58ms]
2025-03-12 19:13:58.057 [info] > git check-ignore -v -z --stdin [0ms]
2025-03-12 19:13:58.825 [info] > git config --get commit.template [2ms]
2025-03-12 19:13:58.825 [info] > git for-each-ref --format=%(refname)%00%(upstream:short)%00%(objectname)%00%(upstream:track)%00%(upstream:remotename)%00%(upstream:remoteref) refs/heads/main refs/remotes/main [1ms]
2025-03-12 19:13:58.829 [info] > git status -z -uall [2ms]
2025-03-12 19:13:58.829 [info] > git for-each-ref --sort -committerdate --format %(refname) %(objectname) %(*objectname) [1ms]
2025-03-12 19:14:03.340 [info] > git blame --root --incremental 89e31683cdbb7d286644636852dc80126abdad54 -- docker-compose.yml [5ms]
2025-03-12 19:14:05.272 [info] > git config --get commit.template [2ms]
2025-03-12 19:14:05.273 [info] > git for-each-ref --format=%(refname)%00%(upstream:short)%00%(objectname)%00%(upstream:track)%00%(upstream:remotename)%00%(upstream:remoteref) refs/heads/main refs/remotes/main [2ms]
2025-03-12 19:14:05.277 [info] > git status -z -uall [2ms]
2025-03-12 19:14:05.278 [info] > git for-each-ref --sort -committerdate --format %(refname) %(objectname) %(*objectname) [1ms]
2025-03-12 19:14:18.044 [info] > git show --textconv :init.sql [4ms]
2025-03-12 19:14:18.046 [info] > git ls-files --stage -- init.sql [4ms]
2025-03-12 19:14:18.048 [info] > git hash-object -t tree /dev/null [3ms]
2025-03-12 19:14:18.048 [warning] [GitFileSystemProvider][readFile] File not found - git:/home/rank/ucc-gestionBS/init.sql.git?%7B%22path%22%3A%22%2Fhome%2Frank%2Fucc-gestionBS%2Finit.sql%22%2C%22ref%22%3A%22%22%7D
2025-03-12 19:14:18.050 [info] > git hash-object -t tree /dev/null [2ms]
2025-03-12 19:14:18.050 [warning] [GitFileSystemProvider][stat] File not found - git:/home/rank/ucc-gestionBS/init.sql.git?%7B%22path%22%3A%22%2Fhome%2Frank%2Fucc-gestionBS%2Finit.sql%22%2C%22ref%22%3A%22%22%7D
2025-03-12 19:14:18.320 [info] > git check-ignore -v -z --stdin [1ms]
2025-03-12 19:14:18.921 [info] > git config --get commit.template [2ms]
2025-03-12 19:14:18.921 [info] > git for-each-ref --format=%(refname)%00%(upstream:short)%00%(objectname)%00%(upstream:track)%00%(upstream:remotename)%00%(upstream:remoteref) refs/heads/main refs/remotes/main [1ms]
2025-03-12 19:14:18.926 [info] > git status -z -uall [2ms]
2025-03-12 19:14:18.926 [info] > git for-each-ref --sort -committerdate --format %(refname) %(objectname) %(*objectname) [1ms]
2025-03-12 19:14:27.421 [info] > git config --get commit.template [8ms]
2025-03-12 19:14:27.423 [info] > git for-each-ref --format=%(refname)%00%(upstream:short)%00%(objectname)%00%(upstream:track)%00%(upstream:remotename)%00%(upstream:remoteref) refs/heads/main refs/remotes/main [8ms]
2025-03-12 19:14:27.428 [info] > git status -z -uall [2ms]
2025-03-12 19:14:27.428 [info] > git for-each-ref --sort -committerdate --format %(refname) %(objectname) %(*objectname) [1ms]
2025-03-12 19:26:01.515 [info] > git config --get commit.template [2ms]
2025-03-12 19:26:01.517 [info] > git for-each-ref --format=%(refname)%00%(upstream:short)%00%(objectname)%00%(upstream:track)%00%(upstream:remotename)%00%(upstream:remoteref) refs/heads/main refs/remotes/main [2ms]
2025-03-12 19:26:01.522 [info] > git status -z -uall [3ms]
2025-03-12 19:26:01.523 [info] > git for-each-ref --sort -committerdate --format %(refname) %(objectname) %(*objectname) [2ms]
2025-03-12 19:26:01.883 [info] > git show --textconv :init.sql [6ms]
2025-03-12 19:26:01.883 [info] > git show --textconv HEAD:init.sql [4ms]
2025-03-12 19:26:01.883 [info] > git ls-files --stage -- init.sql [2ms]
2025-03-12 19:26:01.884 [warning] [GitFileSystemProvider][readFile] File not found - git:/home/rank/ucc-gestionBS/init.sql.git?%7B%22path%22%3A%22%2Fhome%2Frank%2Fucc-gestionBS%2Finit.sql%22%2C%22ref%22%3A%22HEAD%22%7D
2025-03-12 19:26:01.885 [info] > git ls-tree -l HEAD -- init.sql [3ms]
2025-03-12 19:26:01.885 [warning] [GitFileSystemProvider][stat] File not found - git:/home/rank/ucc-gestionBS/init.sql.git?%7B%22path%22%3A%22%2Fhome%2Frank%2Fucc-gestionBS%2Finit.sql%22%2C%22ref%22%3A%22HEAD%22%7D
2025-03-12 19:26:01.885 [info] > git cat-file -s e7895b97381f35e8dd0f6c2f12af766cba47cb4b [1ms]
2025-03-12 19:26:01.918 [info] > git blame --root --incremental 89e31683cdbb7d286644636852dc80126abdad54 -- init.sql [1ms]
2025-03-12 19:26:01.918 [info] fatal: no such path init.sql in 89e31683cdbb7d286644636852dc80126abdad54
2025-03-12 19:26:02.587 [info] > git config --get commit.template [2ms]
2025-03-12 19:26:02.588 [info] > git for-each-ref --format=%(refname)%00%(upstream:short)%00%(objectname)%00%(upstream:track)%00%(upstream:remotename)%00%(upstream:remoteref) refs/heads/main refs/remotes/main [0ms]
2025-03-12 19:26:02.592 [info] > git status -z -uall [3ms]
2025-03-12 19:26:02.592 [info] > git for-each-ref --sort -committerdate --format %(refname) %(objectname) %(*objectname) [1ms]
2025-03-12 19:26:02.687 [info] > git ls-files --stage -- init.sql [0ms]
2025-03-12 19:26:02.690 [info] > git cat-file -s e7895b97381f35e8dd0f6c2f12af766cba47cb4b [1ms]
2025-03-12 19:26:02.693 [info] > git show --textconv :init.sql [1ms]
2025-03-12 19:26:31.094 [info] > git config --get commit.template [1ms]
2025-03-12 19:26:31.095 [info] > git for-each-ref --format=%(refname)%00%(upstream:short)%00%(objectname)%00%(upstream:track)%00%(upstream:remotename)%00%(upstream:remoteref) refs/heads/main refs/remotes/main [2ms]
2025-03-12 19:26:31.099 [info] > git status -z -uall [2ms]
2025-03-12 19:26:31.100 [info] > git for-each-ref --sort -committerdate --format %(refname) %(objectname) %(*objectname) [0ms]
2025-03-12 19:26:31.106 [info] > git merge-base refs/heads/main refs/remotes/origin/main [1ms]
2025-03-12 19:26:31.108 [info] > git blame --root --incremental 88a044e4acd4c60bec2459f9417a8f0bb8c4c822 -- init.sql [5ms]
2025-03-12 19:26:31.110 [info] > git diff --name-status -z --diff-filter=ADMR 89e31683cdbb7d286644636852dc80126abdad54...refs/remotes/origin/main [2ms]
2025-03-12 19:26:32.168 [info] > git config --get commit.template [3ms]
2025-03-12 19:26:32.168 [info] > git for-each-ref --format=%(refname)%00%(upstream:short)%00%(objectname)%00%(upstream:track)%00%(upstream:remotename)%00%(upstream:remoteref) refs/heads/main refs/remotes/main [1ms]
2025-03-12 19:26:32.172 [info] > git status -z -uall [2ms]
2025-03-12 19:26:32.173 [info] > git for-each-ref --sort -committerdate --format %(refname) %(objectname) %(*objectname) [1ms]
2025-03-12 19:26:32.267 [info] > git ls-files --stage -- init.sql [1ms]
2025-03-12 19:26:32.269 [info] > git cat-file -s e7895b97381f35e8dd0f6c2f12af766cba47cb4b [1ms]
2025-03-12 19:26:32.273 [info] > git show --textconv :init.sql [1ms]
2025-03-12 19:26:37.431 [info] > git config --get commit.template [2ms]
2025-03-12 19:26:37.432 [info] > git for-each-ref --format=%(refname)%00%(upstream:short)%00%(objectname)%00%(upstream:track)%00%(upstream:remotename)%00%(upstream:remoteref) refs/heads/main refs/remotes/main [1ms]
2025-03-12 19:26:37.436 [info] > git status -z -uall [2ms]
2025-03-12 19:26:37.437 [info] > git for-each-ref --sort -committerdate --format %(refname) %(objectname) %(*objectname) [1ms]
2025-03-12 19:26:37.442 [info] > git merge-base refs/heads/main refs/remotes/origin/main [1ms]
2025-03-12 19:26:37.445 [info] > git diff --name-status -z --diff-filter=ADMR 88a044e4acd4c60bec2459f9417a8f0bb8c4c822...refs/remotes/origin/main [1ms]
2025-03-12 19:26:38.597 [info] > git config --get commit.template [2ms]
2025-03-12 19:26:38.598 [info] > git for-each-ref --format=%(refname)%00%(upstream:short)%00%(objectname)%00%(upstream:track)%00%(upstream:remotename)%00%(upstream:remoteref) refs/heads/main refs/remotes/main [1ms]
2025-03-12 19:26:38.602 [info] > git status -z -uall [2ms]
2025-03-12 19:26:38.603 [info] > git for-each-ref --sort -committerdate --format %(refname) %(objectname) %(*objectname) [1ms]
2025-03-12 19:26:38.699 [info] > git ls-files --stage -- init.sql [1ms]
2025-03-12 19:26:38.702 [info] > git cat-file -s e7895b97381f35e8dd0f6c2f12af766cba47cb4b [1ms]
2025-03-12 19:26:38.706 [info] > git show --textconv :init.sql [1ms]
2025-03-12 19:28:26.428 [info] > git show --textconv :docker-compose.yml [2ms]
2025-03-12 19:28:26.429 [info] > git ls-files --stage -- docker-compose.yml [1ms]
2025-03-12 19:28:26.431 [info] > git cat-file -s 7bdba119339041d082f3721b99d7e5ba88387600 [0ms]
2025-03-12 19:28:26.443 [info] > git blame --root --incremental 88a044e4acd4c60bec2459f9417a8f0bb8c4c822 -- docker-compose.yml [4ms]
2025-03-12 19:29:15.282 [info] > git show --textconv :init.sql [2ms]
2025-03-12 19:29:15.283 [info] > git ls-files --stage -- init.sql [1ms]
2025-03-12 19:29:15.285 [info] > git cat-file -s e7895b97381f35e8dd0f6c2f12af766cba47cb4b [1ms]
2025-03-12 19:29:16.148 [info] > git config --get commit.template [2ms]
2025-03-12 19:29:16.149 [info] > git for-each-ref --format=%(refname)%00%(upstream:short)%00%(objectname)%00%(upstream:track)%00%(upstream:remotename)%00%(upstream:remoteref) refs/heads/main refs/remotes/main [1ms]
2025-03-12 19:29:16.153 [info] > git status -z -uall [2ms]
2025-03-12 19:29:16.153 [info] > git for-each-ref --sort -committerdate --format %(refname) %(objectname) %(*objectname) [1ms]
2025-03-12 19:29:28.641 [info] > git config --get commit.template [2ms]
2025-03-12 19:29:28.642 [info] > git for-each-ref --format=%(refname)%00%(upstream:short)%00%(objectname)%00%(upstream:track)%00%(upstream:remotename)%00%(upstream:remoteref) refs/heads/main refs/remotes/main [1ms]
2025-03-12 19:29:28.645 [info] > git status -z -uall [2ms]
2025-03-12 19:29:28.646 [info] > git for-each-ref --sort -committerdate --format %(refname) %(objectname) %(*objectname) [1ms]
