2025-03-12 22:18:16.437 [info] [main] Log level: Info
2025-03-12 22:18:16.437 [info] [main] Validating found git in: "git"
2025-03-12 22:18:16.437 [info] [main] Using git "2.43.0" from "git"
2025-03-12 22:18:16.437 [info] [Model][doInitialScan] Initial repository scan started
2025-03-12 22:18:16.437 [info] > git rev-parse --show-toplevel [3ms]
2025-03-12 22:18:16.438 [info] > git rev-parse --git-dir --git-common-dir [1ms]
2025-03-12 22:18:16.445 [info] [Model][openRepository] Opened repository: /home/rank/ucc-gestionBS
2025-03-12 22:18:16.447 [info] [Model][doInitialScan] Initial repository scan completed - repositories (1), closed repositories (0), parent repositories (0), unsafe repositories (0)
2025-03-12 22:18:16.451 [info] > git config --get commit.template [1ms]
2025-03-12 22:18:16.456 [info] > git for-each-ref --format=%(refname)%00%(upstream:short)%00%(objectname)%00%(upstream:track)%00%(upstream:remotename)%00%(upstream:remoteref) refs/heads/main refs/remotes/main [4ms]
2025-03-12 22:18:16.461 [info] > git status -z -uall [2ms]
2025-03-12 22:18:16.462 [info] > git for-each-ref --sort -committerdate --format %(refname) %(objectname) %(*objectname) [1ms]
2025-03-12 22:18:16.499 [info] > git for-each-ref --format=%(refname)%00%(upstream:short)%00%(objectname)%00%(upstream:track)%00%(upstream:remotename)%00%(upstream:remoteref) refs/heads/main refs/remotes/main [20ms]
2025-03-12 22:18:16.502 [info] > git config --get commit.template [20ms]
2025-03-12 22:18:16.510 [info] > git config --get --local branch.main.vscode-merge-base [9ms]
2025-03-12 22:18:16.510 [warning] [Git][config] git config failed: Failed to execute git
2025-03-12 22:18:16.514 [info] > git for-each-ref --format=%(refname)%00%(upstream:short)%00%(objectname)%00%(upstream:track)%00%(upstream:remotename)%00%(upstream:remoteref) refs/heads/main refs/remotes/main [0ms]
2025-03-12 22:18:16.518 [info] > git status -z -uall [3ms]
2025-03-12 22:18:16.518 [info] > git reflog main --grep-reflog=branch: Created from *. [7ms]
2025-03-12 22:18:16.520 [info] > git for-each-ref --sort -committerdate --format %(refname) %(objectname) %(*objectname) [3ms]
2025-03-12 22:18:16.524 [info] > git symbolic-ref --short refs/remotes/origin/HEAD [5ms]
2025-03-12 22:18:16.524 [info] fatal: ref refs/remotes/origin/HEAD is not a symbolic ref
2025-03-12 22:18:16.524 [warning] [Repository][getDefaultBranch] Failed to get default branch details: Failed to execute git.
2025-03-12 22:18:16.527 [info] > git for-each-ref --format=%(refname)%00%(upstream:short)%00%(objectname)%00%(upstream:track)%00%(upstream:remotename)%00%(upstream:remoteref) refs/heads/main refs/remotes/main [3ms]
2025-03-12 22:18:16.529 [info] > git merge-base refs/heads/main refs/remotes/origin/main [4ms]
2025-03-12 22:18:16.531 [info] > git config --get --local branch.main.vscode-merge-base [3ms]
2025-03-12 22:18:16.531 [warning] [Git][config] git config failed: Failed to execute git
2025-03-12 22:18:16.533 [info] > git diff --name-status -z --diff-filter=ADMR 88a044e4acd4c60bec2459f9417a8f0bb8c4c822...refs/remotes/origin/main [3ms]
2025-03-12 22:18:16.533 [info] > git reflog main --grep-reflog=branch: Created from *. [1ms]
2025-03-12 22:18:16.535 [info] > git symbolic-ref --short refs/remotes/origin/HEAD [1ms]
2025-03-12 22:18:16.535 [info] fatal: ref refs/remotes/origin/HEAD is not a symbolic ref
2025-03-12 22:18:16.535 [warning] [Repository][getDefaultBranch] Failed to get default branch details: Failed to execute git.
2025-03-12 22:18:16.988 [info] > git check-ignore -v -z --stdin [1ms]
2025-03-12 22:19:35.350 [info] > git show --textconv :docker-compose.yml [3ms]
2025-03-12 22:19:35.351 [info] > git ls-files --stage -- docker-compose.yml [1ms]
2025-03-12 22:19:35.353 [info] > git cat-file -s 7bdba119339041d082f3721b99d7e5ba88387600 [1ms]
2025-03-12 22:19:35.521 [info] > git check-ignore -v -z --stdin [1ms]
2025-03-12 22:19:36.434 [info] > git config --get commit.template [2ms]
2025-03-12 22:19:36.435 [info] > git for-each-ref --format=%(refname)%00%(upstream:short)%00%(objectname)%00%(upstream:track)%00%(upstream:remotename)%00%(upstream:remoteref) refs/heads/main refs/remotes/main [0ms]
2025-03-12 22:19:36.439 [info] > git status -z -uall [3ms]
2025-03-12 22:19:36.439 [info] > git for-each-ref --sort -committerdate --format %(refname) %(objectname) %(*objectname) [1ms]
2025-03-12 22:19:40.940 [info] > git blame --root --incremental 88a044e4acd4c60bec2459f9417a8f0bb8c4c822 -- docker-compose.yml [7ms]
2025-03-12 22:19:44.703 [info] > git config --get commit.template [2ms]
2025-03-12 22:19:44.703 [info] > git for-each-ref --format=%(refname)%00%(upstream:short)%00%(objectname)%00%(upstream:track)%00%(upstream:remotename)%00%(upstream:remoteref) refs/heads/main refs/remotes/main [1ms]
2025-03-12 22:19:44.707 [info] > git status -z -uall [2ms]
2025-03-12 22:19:44.708 [info] > git for-each-ref --sort -committerdate --format %(refname) %(objectname) %(*objectname) [1ms]
2025-03-12 22:20:55.518 [info] > git config --get commit.template [2ms]
2025-03-12 22:20:55.518 [info] > git for-each-ref --format=%(refname)%00%(upstream:short)%00%(objectname)%00%(upstream:track)%00%(upstream:remotename)%00%(upstream:remoteref) refs/heads/main refs/remotes/main [1ms]
2025-03-12 22:20:55.522 [info] > git status -z -uall [2ms]
2025-03-12 22:20:55.522 [info] > git for-each-ref --sort -committerdate --format %(refname) %(objectname) %(*objectname) [1ms]
