2025-03-14 20:01:08.143 [info] [main] Log level: Info
2025-03-14 20:01:08.143 [info] [main] Validating found git in: "git"
2025-03-14 20:01:08.143 [info] [main] Using git "2.43.0" from "git"
2025-03-14 20:01:08.143 [info] [Model][doInitialScan] Initial repository scan started
2025-03-14 20:01:08.143 [info] > git rev-parse --show-toplevel [3ms]
2025-03-14 20:01:08.144 [info] > git rev-parse --git-dir --git-common-dir [1ms]
2025-03-14 20:01:08.153 [info] [Model][openRepository] Opened repository: /home/rank/ucc-gestionBS
2025-03-14 20:01:08.156 [info] [Model][doInitialScan] Initial repository scan completed - repositories (1), closed repositories (0), parent repositories (0), unsafe repositories (0)
2025-03-14 20:01:08.194 [info] > git config --get commit.template [18ms]
2025-03-14 20:01:08.205 [info] > git for-each-ref --format=%(refname)%00%(upstream:short)%00%(objectname)%00%(upstream:track)%00%(upstream:remotename)%00%(upstream:remoteref) refs/heads/main refs/remotes/main [9ms]
2025-03-14 20:01:08.211 [info] > git status -z -uall [3ms]
2025-03-14 20:01:08.212 [info] > git for-each-ref --sort -committerdate --format %(refname) %(objectname) %(*objectname) [2ms]
2025-03-14 20:01:08.236 [info] > git for-each-ref --format=%(refname)%00%(upstream:short)%00%(objectname)%00%(upstream:track)%00%(upstream:remotename)%00%(upstream:remoteref) refs/heads/main refs/remotes/main [4ms]
2025-03-14 20:01:08.238 [info] > git config --get commit.template [3ms]
2025-03-14 20:01:08.239 [info] > git config --get --local branch.main.vscode-merge-base [1ms]
2025-03-14 20:01:08.239 [warning] [Git][config] git config failed: Failed to execute git
2025-03-14 20:01:08.243 [info] > git for-each-ref --format=%(refname)%00%(upstream:short)%00%(objectname)%00%(upstream:track)%00%(upstream:remotename)%00%(upstream:remoteref) refs/heads/main refs/remotes/main [1ms]
2025-03-14 20:01:08.250 [info] > git status -z -uall [5ms]
2025-03-14 20:01:08.250 [info] > git for-each-ref --sort -committerdate --format %(refname) %(objectname) %(*objectname) [3ms]
2025-03-14 20:01:08.254 [info] > git reflog main --grep-reflog=branch: Created from *. [13ms]
2025-03-14 20:01:08.257 [info] > git for-each-ref --format=%(refname)%00%(upstream:short)%00%(objectname)%00%(upstream:track)%00%(upstream:remotename)%00%(upstream:remoteref) refs/heads/main refs/remotes/main [3ms]
2025-03-14 20:01:08.258 [info] > git symbolic-ref --short refs/remotes/origin/HEAD [2ms]
2025-03-14 20:01:08.258 [info] fatal: ref refs/remotes/origin/HEAD is not a symbolic ref
2025-03-14 20:01:08.258 [warning] [Repository][getDefaultBranch] Failed to get default branch details: Failed to execute git.
2025-03-14 20:01:08.261 [info] > git config --get --local branch.main.vscode-merge-base [3ms]
2025-03-14 20:01:08.261 [warning] [Git][config] git config failed: Failed to execute git
2025-03-14 20:01:08.263 [info] > git merge-base refs/heads/main refs/remotes/origin/main [3ms]
2025-03-14 20:01:08.266 [info] > git reflog main --grep-reflog=branch: Created from *. [2ms]
2025-03-14 20:01:08.267 [info] > git diff --name-status -z --diff-filter=ADMR 88a044e4acd4c60bec2459f9417a8f0bb8c4c822...refs/remotes/origin/main [2ms]
2025-03-14 20:01:08.268 [info] > git symbolic-ref --short refs/remotes/origin/HEAD [1ms]
2025-03-14 20:01:08.268 [info] fatal: ref refs/remotes/origin/HEAD is not a symbolic ref
2025-03-14 20:01:08.268 [warning] [Repository][getDefaultBranch] Failed to get default branch details: Failed to execute git.
2025-03-14 20:01:08.661 [info] > git check-ignore -v -z --stdin [1ms]
2025-03-14 20:01:26.113 [info] > git show --textconv :dsjdjsajdsa.yml [3ms]
2025-03-14 20:01:26.116 [info] > git ls-files --stage -- dsjdjsajdsa.yml [4ms]
2025-03-14 20:01:26.118 [info] > git hash-object -t tree /dev/null [3ms]
2025-03-14 20:01:26.118 [warning] [GitFileSystemProvider][readFile] File not found - git:/home/rank/ucc-gestionBS/dsjdjsajdsa.yml.git?%7B%22path%22%3A%22%2Fhome%2Frank%2Fucc-gestionBS%2Fdsjdjsajdsa.yml%22%2C%22ref%22%3A%22%22%7D
2025-03-14 20:01:26.120 [info] > git hash-object -t tree /dev/null [2ms]
2025-03-14 20:01:26.120 [warning] [GitFileSystemProvider][stat] File not found - git:/home/rank/ucc-gestionBS/dsjdjsajdsa.yml.git?%7B%22path%22%3A%22%2Fhome%2Frank%2Fucc-gestionBS%2Fdsjdjsajdsa.yml%22%2C%22ref%22%3A%22%22%7D
2025-03-14 20:01:26.359 [info] > git check-ignore -v -z --stdin [1ms]
2025-03-14 20:01:26.977 [info] > git config --get commit.template [1ms]
2025-03-14 20:01:26.977 [info] > git for-each-ref --format=%(refname)%00%(upstream:short)%00%(objectname)%00%(upstream:track)%00%(upstream:remotename)%00%(upstream:remoteref) refs/heads/main refs/remotes/main [1ms]
2025-03-14 20:01:26.982 [info] > git status -z -uall [3ms]
2025-03-14 20:01:26.983 [info] > git for-each-ref --sort -committerdate --format %(refname) %(objectname) %(*objectname) [2ms]
