2025-03-12 22:22:17.592 [info] [main] Log level: Info
2025-03-12 22:22:17.592 [info] [main] Validating found git in: "git"
2025-03-12 22:22:17.592 [info] [main] Using git "2.43.0" from "git"
2025-03-12 22:22:17.592 [info] [Model][doInitialScan] Initial repository scan started
2025-03-12 22:22:17.592 [info] > git rev-parse --show-toplevel [2ms]
2025-03-12 22:22:17.594 [info] > git rev-parse --git-dir --git-common-dir [20ms]
2025-03-12 22:22:17.602 [info] [Model][openRepository] Opened repository: /home/rank/ucc-gestionBS
2025-03-12 22:22:17.604 [info] [Model][doInitialScan] Initial repository scan completed - repositories (1), closed repositories (0), parent repositories (0), unsafe repositories (0)
2025-03-12 22:22:17.614 [info] > git config --get commit.template [7ms]
2025-03-12 22:22:17.618 [info] > git for-each-ref --format=%(refname)%00%(upstream:short)%00%(objectname)%00%(upstream:track)%00%(upstream:remotename)%00%(upstream:remoteref) refs/heads/main refs/remotes/main [1ms]
2025-03-12 22:22:17.625 [info] > git status -z -uall [3ms]
2025-03-12 22:22:17.626 [info] > git for-each-ref --sort -committerdate --format %(refname) %(objectname) %(*objectname) [2ms]
2025-03-12 22:22:17.645 [info] > git for-each-ref --format=%(refname)%00%(upstream:short)%00%(objectname)%00%(upstream:track)%00%(upstream:remotename)%00%(upstream:remoteref) refs/heads/main refs/remotes/main [5ms]
2025-03-12 22:22:17.649 [info] > git config --get commit.template [5ms]
2025-03-12 22:22:17.649 [info] > git config --get --local branch.main.vscode-merge-base [2ms]
2025-03-12 22:22:17.649 [warning] [Git][config] git config failed: Failed to execute git
2025-03-12 22:22:17.654 [info] > git reflog main --grep-reflog=branch: Created from *. [3ms]
2025-03-12 22:22:17.656 [info] > git for-each-ref --format=%(refname)%00%(upstream:short)%00%(objectname)%00%(upstream:track)%00%(upstream:remotename)%00%(upstream:remoteref) refs/heads/main refs/remotes/main [3ms]
2025-03-12 22:22:17.656 [info] > git symbolic-ref --short refs/remotes/origin/HEAD [1ms]
2025-03-12 22:22:17.657 [info] fatal: ref refs/remotes/origin/HEAD is not a symbolic ref
2025-03-12 22:22:17.657 [warning] [Repository][getDefaultBranch] Failed to get default branch details: Failed to execute git.
2025-03-12 22:22:17.664 [info] > git status -z -uall [3ms]
2025-03-12 22:22:17.664 [info] > git merge-base refs/heads/main refs/remotes/origin/main [5ms]
2025-03-12 22:22:17.667 [info] > git for-each-ref --sort -committerdate --format %(refname) %(objectname) %(*objectname) [4ms]
2025-03-12 22:22:17.672 [info] > git merge-base refs/heads/main refs/remotes/origin/main [2ms]
2025-03-12 22:22:17.674 [info] > git diff --name-status -z --diff-filter=ADMR 88a044e4acd4c60bec2459f9417a8f0bb8c4c822...refs/remotes/origin/main [8ms]
2025-03-12 22:22:17.677 [info] > git diff --name-status -z --diff-filter=ADMR 88a044e4acd4c60bec2459f9417a8f0bb8c4c822...refs/remotes/origin/main [3ms]
2025-03-12 22:22:17.912 [info] > git show --textconv :docker-compose.yml [2ms]
2025-03-12 22:22:17.913 [info] > git ls-files --stage -- docker-compose.yml [1ms]
2025-03-12 22:22:17.915 [info] > git cat-file -s 7bdba119339041d082f3721b99d7e5ba88387600 [0ms]
2025-03-12 22:22:17.938 [info] > git blame --root --incremental 88a044e4acd4c60bec2459f9417a8f0bb8c4c822 -- docker-compose.yml [2ms]
2025-03-12 22:22:18.148 [info] > git check-ignore -v -z --stdin [1ms]
2025-03-12 22:32:48.636 [info] > git show --textconv :inti.sql [10ms]
2025-03-12 22:32:48.638 [info] > git ls-files --stage -- inti.sql [10ms]
2025-03-12 22:32:48.641 [info] > git hash-object -t tree /dev/null [3ms]
2025-03-12 22:32:48.641 [warning] [GitFileSystemProvider][readFile] File not found - git:/home/rank/ucc-gestionBS/inti.sql.git?%7B%22path%22%3A%22%2Fhome%2Frank%2Fucc-gestionBS%2Finti.sql%22%2C%22ref%22%3A%22%22%7D
2025-03-12 22:32:48.642 [info] > git hash-object -t tree /dev/null [2ms]
2025-03-12 22:32:48.642 [warning] [GitFileSystemProvider][stat] File not found - git:/home/rank/ucc-gestionBS/inti.sql.git?%7B%22path%22%3A%22%2Fhome%2Frank%2Fucc-gestionBS%2Finti.sql%22%2C%22ref%22%3A%22%22%7D
2025-03-12 22:32:48.901 [info] > git check-ignore -v -z --stdin [2ms]
2025-03-12 22:32:49.460 [info] > git config --get commit.template [3ms]
2025-03-12 22:32:49.462 [info] > git for-each-ref --format=%(refname)%00%(upstream:short)%00%(objectname)%00%(upstream:track)%00%(upstream:remotename)%00%(upstream:remoteref) refs/heads/main refs/remotes/main [3ms]
2025-03-12 22:32:49.466 [info] > git status -z -uall [2ms]
2025-03-12 22:32:49.467 [info] > git for-each-ref --sort -committerdate --format %(refname) %(objectname) %(*objectname) [1ms]
2025-03-12 22:33:48.607 [info] > git ls-files --stage -- docker-compose.yml [0ms]
2025-03-12 22:33:48.609 [info] > git show --textconv :docker-compose.yml [5ms]
2025-03-12 22:33:48.609 [info] > git cat-file -s 7bdba119339041d082f3721b99d7e5ba88387600 [1ms]
2025-03-12 22:37:51.303 [info] > git check-ignore -v -z --stdin [1ms]
2025-03-12 22:37:57.178 [info] > git config --get commit.template [3ms]
2025-03-12 22:37:57.179 [info] > git for-each-ref --format=%(refname)%00%(upstream:short)%00%(objectname)%00%(upstream:track)%00%(upstream:remotename)%00%(upstream:remoteref) refs/heads/main refs/remotes/main [1ms]
2025-03-12 22:37:57.184 [info] > git status -z -uall [3ms]
2025-03-12 22:37:57.185 [info] > git for-each-ref --sort -committerdate --format %(refname) %(objectname) %(*objectname) [1ms]
2025-03-12 22:37:57.499 [info] > git show --textconv :inti.sql [2ms]
2025-03-12 22:37:57.499 [warning] [GitFileSystemProvider][readFile] File not found - git:/home/rank/ucc-gestionBS/inti.sql.git?%7B%22path%22%3A%22%2Fhome%2Frank%2Fucc-gestionBS%2Finti.sql%22%2C%22ref%22%3A%22%22%7D
2025-03-12 22:37:57.500 [info] > git ls-files --stage -- inti.sql [1ms]
2025-03-12 22:37:57.500 [warning] [GitFileSystemProvider][stat] File not found - git:/home/rank/ucc-gestionBS/inti.sql.git?%7B%22path%22%3A%22%2Fhome%2Frank%2Fucc-gestionBS%2Finti.sql%22%2C%22ref%22%3A%22%22%7D
2025-03-12 22:37:57.505 [info] > git blame --root --incremental 88a044e4acd4c60bec2459f9417a8f0bb8c4c822 -- inti.sql [1ms]
2025-03-12 22:37:57.505 [info] fatal: no such path inti.sql in 88a044e4acd4c60bec2459f9417a8f0bb8c4c822
2025-03-12 22:37:59.085 [info] > git show --textconv :docker-compose.yml [2ms]
2025-03-12 22:37:59.086 [info] > git ls-files --stage -- docker-compose.yml [1ms]
2025-03-12 22:37:59.089 [info] > git cat-file -s 7bdba119339041d082f3721b99d7e5ba88387600 [1ms]
2025-03-12 22:39:44.855 [info] > git show --textconv :inti.sql [3ms]
2025-03-12 22:39:44.855 [warning] [GitFileSystemProvider][readFile] File not found - git:/home/rank/ucc-gestionBS/inti.sql.git?%7B%22path%22%3A%22%2Fhome%2Frank%2Fucc-gestionBS%2Finti.sql%22%2C%22ref%22%3A%22%22%7D
2025-03-12 22:39:44.855 [info] > git ls-files --stage -- inti.sql [1ms]
2025-03-12 22:39:44.855 [warning] [GitFileSystemProvider][stat] File not found - git:/home/rank/ucc-gestionBS/inti.sql.git?%7B%22path%22%3A%22%2Fhome%2Frank%2Fucc-gestionBS%2Finti.sql%22%2C%22ref%22%3A%22%22%7D
2025-03-12 22:39:46.910 [info] > git config --get commit.template [4ms]
2025-03-12 22:39:46.910 [info] > git for-each-ref --format=%(refname)%00%(upstream:short)%00%(objectname)%00%(upstream:track)%00%(upstream:remotename)%00%(upstream:remoteref) refs/heads/main refs/remotes/main [1ms]
2025-03-12 22:39:46.915 [info] > git status -z -uall [3ms]
2025-03-12 22:39:46.915 [info] > git for-each-ref --sort -committerdate --format %(refname) %(objectname) %(*objectname) [1ms]
2025-03-12 22:39:50.559 [info] > git show --textconv :init.sql [2ms]
2025-03-12 22:39:50.560 [info] > git ls-files --stage -- init.sql [1ms]
2025-03-12 22:39:50.562 [info] > git cat-file -s e7895b97381f35e8dd0f6c2f12af766cba47cb4b [1ms]
2025-03-12 22:39:56.878 [info] > git config --get commit.template [3ms]
2025-03-12 22:39:56.879 [info] > git for-each-ref --format=%(refname)%00%(upstream:short)%00%(objectname)%00%(upstream:track)%00%(upstream:remotename)%00%(upstream:remoteref) refs/heads/main refs/remotes/main [1ms]
2025-03-12 22:39:56.884 [info] > git status -z -uall [3ms]
2025-03-12 22:39:56.884 [info] > git for-each-ref --sort -committerdate --format %(refname) %(objectname) %(*objectname) [0ms]
2025-03-12 22:41:01.082 [info] > git show --textconv :docker-compose.yml [2ms]
2025-03-12 22:41:01.082 [info] > git ls-files --stage -- docker-compose.yml [1ms]
2025-03-12 22:41:01.085 [info] > git cat-file -s 7bdba119339041d082f3721b99d7e5ba88387600 [1ms]
2025-03-12 22:43:38.801 [info] > git show --textconv :docker-compose.yml [2ms]
2025-03-12 22:43:38.802 [info] > git ls-files --stage -- docker-compose.yml [1ms]
2025-03-12 22:43:38.805 [info] > git cat-file -s 7bdba119339041d082f3721b99d7e5ba88387600 [0ms]
2025-03-12 22:43:53.703 [info] > git config --get commit.template [3ms]
2025-03-12 22:43:53.704 [info] > git for-each-ref --format=%(refname)%00%(upstream:short)%00%(objectname)%00%(upstream:track)%00%(upstream:remotename)%00%(upstream:remoteref) refs/heads/main refs/remotes/main [1ms]
2025-03-12 22:43:53.709 [info] > git status -z -uall [3ms]
2025-03-12 22:43:53.709 [info] > git for-each-ref --sort -committerdate --format %(refname) %(objectname) %(*objectname) [1ms]
2025-03-12 22:44:10.695 [info] > git config --get commit.template [3ms]
2025-03-12 22:44:10.695 [info] > git for-each-ref --format=%(refname)%00%(upstream:short)%00%(objectname)%00%(upstream:track)%00%(upstream:remotename)%00%(upstream:remoteref) refs/heads/main refs/remotes/main [0ms]
2025-03-12 22:44:10.701 [info] > git status -z -uall [3ms]
2025-03-12 22:44:10.702 [info] > git for-each-ref --sort -committerdate --format %(refname) %(objectname) %(*objectname) [2ms]
2025-03-12 22:48:14.860 [info] > git config --get commit.template [3ms]
2025-03-12 22:48:14.860 [info] > git for-each-ref --format=%(refname)%00%(upstream:short)%00%(objectname)%00%(upstream:track)%00%(upstream:remotename)%00%(upstream:remoteref) refs/heads/main refs/remotes/main [0ms]
2025-03-12 22:48:14.865 [info] > git status -z -uall [2ms]
2025-03-12 22:48:14.866 [info] > git for-each-ref --sort -committerdate --format %(refname) %(objectname) %(*objectname) [1ms]
2025-03-12 22:48:15.686 [info] > git show --textconv :docker-compose.yml [2ms]
2025-03-12 22:48:15.687 [info] > git ls-files --stage -- docker-compose.yml [1ms]
2025-03-12 22:48:15.690 [info] > git cat-file -s 7bdba119339041d082f3721b99d7e5ba88387600 [1ms]
2025-03-12 22:48:22.366 [info] > git config --get commit.template [2ms]
2025-03-12 22:48:22.367 [info] > git for-each-ref --format=%(refname)%00%(upstream:short)%00%(objectname)%00%(upstream:track)%00%(upstream:remotename)%00%(upstream:remoteref) refs/heads/main refs/remotes/main [1ms]
2025-03-12 22:48:22.372 [info] > git status -z -uall [3ms]
2025-03-12 22:48:22.372 [info] > git for-each-ref --sort -committerdate --format %(refname) %(objectname) %(*objectname) [1ms]
2025-03-12 22:48:43.826 [info] > git show --textconv :docker-compose.yml [3ms]
2025-03-12 22:48:43.826 [info] > git ls-files --stage -- docker-compose.yml [1ms]
2025-03-12 22:48:43.829 [info] > git cat-file -s 7bdba119339041d082f3721b99d7e5ba88387600 [0ms]
2025-03-12 22:49:20.769 [info] > git config --get commit.template [3ms]
2025-03-12 22:49:20.769 [info] > git for-each-ref --format=%(refname)%00%(upstream:short)%00%(objectname)%00%(upstream:track)%00%(upstream:remotename)%00%(upstream:remoteref) refs/heads/main refs/remotes/main [1ms]
2025-03-12 22:49:20.774 [info] > git status -z -uall [2ms]
2025-03-12 22:49:20.775 [info] > git for-each-ref --sort -committerdate --format %(refname) %(objectname) %(*objectname) [1ms]
2025-03-12 22:55:31.390 [info] > git ls-files --stage -- docker-compose.yml [6ms]
2025-03-12 22:55:31.393 [info] > git show --textconv :docker-compose.yml [11ms]
2025-03-12 22:55:31.394 [info] > git cat-file -s 7bdba119339041d082f3721b99d7e5ba88387600 [1ms]
2025-03-12 22:58:13.461 [info] > git config --get commit.template [8ms]
2025-03-12 22:58:13.465 [info] > git for-each-ref --format=%(refname)%00%(upstream:short)%00%(objectname)%00%(upstream:track)%00%(upstream:remotename)%00%(upstream:remoteref) refs/heads/main refs/remotes/main [8ms]
2025-03-12 22:58:13.470 [info] > git status -z -uall [3ms]
2025-03-12 22:58:13.471 [info] > git for-each-ref --sort -committerdate --format %(refname) %(objectname) %(*objectname) [1ms]
2025-03-12 23:03:20.368 [info] > git config --get commit.template [8ms]
2025-03-12 23:03:20.370 [info] > git for-each-ref --format=%(refname)%00%(upstream:short)%00%(objectname)%00%(upstream:track)%00%(upstream:remotename)%00%(upstream:remoteref) refs/heads/main refs/remotes/main [7ms]
2025-03-12 23:03:20.377 [info] > git status -z -uall [2ms]
2025-03-12 23:03:20.378 [info] > git for-each-ref --sort -committerdate --format %(refname) %(objectname) %(*objectname) [2ms]
2025-03-12 23:03:25.973 [info] > git config --get commit.template [2ms]
2025-03-12 23:03:25.974 [info] > git for-each-ref --format=%(refname)%00%(upstream:short)%00%(objectname)%00%(upstream:track)%00%(upstream:remotename)%00%(upstream:remoteref) refs/heads/main refs/remotes/main [1ms]
2025-03-12 23:03:25.978 [info] > git status -z -uall [2ms]
2025-03-12 23:03:25.979 [info] > git for-each-ref --sort -committerdate --format %(refname) %(objectname) %(*objectname) [1ms]
2025-03-12 23:03:30.986 [info] > git config --get commit.template [3ms]
2025-03-12 23:03:30.987 [info] > git for-each-ref --format=%(refname)%00%(upstream:short)%00%(objectname)%00%(upstream:track)%00%(upstream:remotename)%00%(upstream:remoteref) refs/heads/main refs/remotes/main [2ms]
2025-03-12 23:03:30.991 [info] > git status -z -uall [2ms]
2025-03-12 23:03:30.992 [info] > git for-each-ref --sort -committerdate --format %(refname) %(objectname) %(*objectname) [1ms]
2025-03-12 23:11:01.864 [info] > git config --get commit.template [8ms]
2025-03-12 23:11:01.868 [info] > git for-each-ref --format=%(refname)%00%(upstream:short)%00%(objectname)%00%(upstream:track)%00%(upstream:remotename)%00%(upstream:remoteref) refs/heads/main refs/remotes/main [9ms]
2025-03-12 23:11:01.873 [info] > git status -z -uall [3ms]
2025-03-12 23:11:01.874 [info] > git for-each-ref --sort -committerdate --format %(refname) %(objectname) %(*objectname) [1ms]
