2025-04-02 19:13:38.407 [info] Extension host with pid 3790 started
2025-04-02 19:13:38.415 [info] Lock '/home/rank/.vscode-server/data/User/workspaceStorage/511f96cb85a8a86bf283e8ecfb63696e/vscode.lock': Lock acquired.
2025-04-02 19:13:38.444 [info] ExtensionService#_doActivateExtension vscode.emmet, startup: false, activationEvent: 'onLanguage'
2025-04-02 19:13:38.521 [info] ExtensionService#_doActivateExtension vscode.git-base, startup: true, activationEvent: '*', root cause: vscode.git
2025-04-02 19:13:38.558 [info] ExtensionService#_doActivateExtension vscode.git, startup: true, activationEvent: '*'
2025-04-02 19:13:38.559 [info] ExtensionService#_doActivateExtension vscode.github, startup: true, activationEvent: '*'
2025-04-02 19:13:38.677 [info] Eager extensions activated
2025-04-02 19:13:38.678 [info] ExtensionService#_doActivateExtension vscode.debug-auto-launch, startup: false, activationEvent: 'onStartupFinished'
2025-04-02 19:13:38.678 [info] ExtensionService#_doActivateExtension vscode.merge-conflict, startup: false, activationEvent: 'onStartupFinished'
2025-04-02 19:13:40.208 [info] Extension host terminating: received terminate message from renderer
2025-04-02 19:13:40.208 [info] Lock '/home/rank/.vscode-server/data/User/workspaceStorage/511f96cb85a8a86bf283e8ecfb63696e/vscode.lock': Marking the lockfile as scheduled to be released in 6000 ms.
2025-04-02 19:13:40.232 [error] Canceled: Canceled
	at new dR (file:///home/rank/.vscode-server/bin/ddc367ed5c8936efe395cffeec279b04ffd7db78/out/vs/workbench/api/node/extensionHostProcess.js:29:155028)
	at qy.U (file:///home/rank/.vscode-server/bin/ddc367ed5c8936efe395cffeec279b04ffd7db78/out/vs/workbench/api/node/extensionHostProcess.js:29:159639)
	at s.<computed>.n.charCodeAt.s.<computed> (file:///home/rank/.vscode-server/bin/ddc367ed5c8936efe395cffeec279b04ffd7db78/out/vs/workbench/api/node/extensionHostProcess.js:29:157133)
	at kw.g (file:///home/rank/.vscode-server/bin/ddc367ed5c8936efe395cffeec279b04ffd7db78/out/vs/workbench/api/node/extensionHostProcess.js:112:41039)
	at kw.executeCommand (file:///home/rank/.vscode-server/bin/ddc367ed5c8936efe395cffeec279b04ffd7db78/out/vs/workbench/api/node/extensionHostProcess.js:112:40543)
	at r.registerCommand.description (file:///home/rank/.vscode-server/bin/ddc367ed5c8936efe395cffeec279b04ffd7db78/out/vs/workbench/api/node/extensionHostProcess.js:112:39873)
	at kw.h (file:///home/rank/.vscode-server/bin/ddc367ed5c8936efe395cffeec279b04ffd7db78/out/vs/workbench/api/node/extensionHostProcess.js:112:41559)
	at kw.g (file:///home/rank/.vscode-server/bin/ddc367ed5c8936efe395cffeec279b04ffd7db78/out/vs/workbench/api/node/extensionHostProcess.js:112:40636)
	at kw.executeCommand (file:///home/rank/.vscode-server/bin/ddc367ed5c8936efe395cffeec279b04ffd7db78/out/vs/workbench/api/node/extensionHostProcess.js:112:40543)
	at Object.executeCommand (file:///home/rank/.vscode-server/bin/ddc367ed5c8936efe395cffeec279b04ffd7db78/out/vs/workbench/api/node/extensionHostProcess.js:172:37375)
	at Th.L [as value] (/home/rank/.vscode-server/bin/ddc367ed5c8936efe395cffeec279b04ffd7db78/extensions/git/dist/main.js:2:1000063)
	at D.B (file:///home/rank/.vscode-server/bin/ddc367ed5c8936efe395cffeec279b04ffd7db78/out/vs/workbench/api/node/extensionHostProcess.js:27:2375)
	at D.C (file:///home/rank/.vscode-server/bin/ddc367ed5c8936efe395cffeec279b04ffd7db78/out/vs/workbench/api/node/extensionHostProcess.js:27:2445)
	at D.fire (file:///home/rank/.vscode-server/bin/ddc367ed5c8936efe395cffeec279b04ffd7db78/out/vs/workbench/api/node/extensionHostProcess.js:27:2662)
	at Object.p [as dispose] (/home/rank/.vscode-server/bin/ddc367ed5c8936efe395cffeec279b04ffd7db78/extensions/git/dist/main.js:2:1022703)
	at /home/rank/.vscode-server/bin/ddc367ed5c8936efe395cffeec279b04ffd7db78/extensions/git/dist/main.js:2:1029021
	at Array.forEach (<anonymous>)
	at b.dispose (/home/rank/.vscode-server/bin/ddc367ed5c8936efe395cffeec279b04ffd7db78/extensions/git/dist/main.js:2:1029007)
	at fv.<anonymous> (file:///home/rank/.vscode-server/bin/ddc367ed5c8936efe395cffeec279b04ffd7db78/out/vs/workbench/api/node/extensionHostProcess.js:108:8922)
	at fv.dispose (file:///home/rank/.vscode-server/bin/ddc367ed5c8936efe395cffeec279b04ffd7db78/out/vs/workbench/api/node/extensionHostProcess.js:108:9018)
	at fv.<anonymous> (/home/rank/.vscode-server/bin/ddc367ed5c8936efe395cffeec279b04ffd7db78/extensions/git/dist/main.js:2:1002547)
	at fv.dispose (file:///home/rank/.vscode-server/bin/ddc367ed5c8936efe395cffeec279b04ffd7db78/out/vs/workbench/api/node/extensionHostProcess.js:108:9018)
	at hi (file:///home/rank/.vscode-server/bin/ddc367ed5c8936efe395cffeec279b04ffd7db78/out/vs/workbench/api/node/extensionHostProcess.js:25:701)
	at file:///home/rank/.vscode-server/bin/ddc367ed5c8936efe395cffeec279b04ffd7db78/out/vs/workbench/api/node/extensionHostProcess.js:116:14994
	at file:///home/rank/.vscode-server/bin/ddc367ed5c8936efe395cffeec279b04ffd7db78/out/vs/workbench/api/node/extensionHostProcess.js:25:1011
	at Object.dispose (file:///home/rank/.vscode-server/bin/ddc367ed5c8936efe395cffeec279b04ffd7db78/out/vs/workbench/api/node/extensionHostProcess.js:8:705)
	at zz.eb (file:///home/rank/.vscode-server/bin/ddc367ed5c8936efe395cffeec279b04ffd7db78/out/vs/workbench/api/node/extensionHostProcess.js:116:11921)
	at file:///home/rank/.vscode-server/bin/ddc367ed5c8936efe395cffeec279b04ffd7db78/out/vs/workbench/api/node/extensionHostProcess.js:116:9876
	at Array.map (<anonymous>)
	at zz.$ (file:///home/rank/.vscode-server/bin/ddc367ed5c8936efe395cffeec279b04ffd7db78/out/vs/workbench/api/node/extensionHostProcess.js:116:9864)
	at zz.terminate (file:///home/rank/.vscode-server/bin/ddc367ed5c8936efe395cffeec279b04ffd7db78/out/vs/workbench/api/node/extensionHostProcess.js:116:10107)
	at FI.terminate (file:///home/rank/.vscode-server/bin/ddc367ed5c8936efe395cffeec279b04ffd7db78/out/vs/workbench/api/node/extensionHostProcess.js:117:1434)
	at ts (file:///home/rank/.vscode-server/bin/ddc367ed5c8936efe395cffeec279b04ffd7db78/out/vs/workbench/api/node/extensionHostProcess.js:190:15108)
	at Th.value (file:///home/rank/.vscode-server/bin/ddc367ed5c8936efe395cffeec279b04ffd7db78/out/vs/workbench/api/node/extensionHostProcess.js:190:13269)
	at D.B (file:///home/rank/.vscode-server/bin/ddc367ed5c8936efe395cffeec279b04ffd7db78/out/vs/workbench/api/node/extensionHostProcess.js:27:2375)
	at D.fire (file:///home/rank/.vscode-server/bin/ddc367ed5c8936efe395cffeec279b04ffd7db78/out/vs/workbench/api/node/extensionHostProcess.js:27:2593)
	at Gn.fire (file:///home/rank/.vscode-server/bin/ddc367ed5c8936efe395cffeec279b04ffd7db78/out/vs/workbench/api/node/extensionHostProcess.js:29:9459)
	at Ym.A (file:///home/rank/.vscode-server/bin/ddc367ed5c8936efe395cffeec279b04ffd7db78/out/vs/workbench/api/node/extensionHostProcess.js:29:12575)
	at Th.value (file:///home/rank/.vscode-server/bin/ddc367ed5c8936efe395cffeec279b04ffd7db78/out/vs/workbench/api/node/extensionHostProcess.js:29:10995)
	at D.B (file:///home/rank/.vscode-server/bin/ddc367ed5c8936efe395cffeec279b04ffd7db78/out/vs/workbench/api/node/extensionHostProcess.js:27:2375)
	at D.fire (file:///home/rank/.vscode-server/bin/ddc367ed5c8936efe395cffeec279b04ffd7db78/out/vs/workbench/api/node/extensionHostProcess.js:27:2593)
	at C6.acceptChunk (file:///home/rank/.vscode-server/bin/ddc367ed5c8936efe395cffeec279b04ffd7db78/out/vs/workbench/api/node/extensionHostProcess.js:29:7942)
	at Th.value (file:///home/rank/.vscode-server/bin/ddc367ed5c8936efe395cffeec279b04ffd7db78/out/vs/workbench/api/node/extensionHostProcess.js:29:7228)
	at D.B (file:///home/rank/.vscode-server/bin/ddc367ed5c8936efe395cffeec279b04ffd7db78/out/vs/workbench/api/node/extensionHostProcess.js:27:2375)
	at D.fire (file:///home/rank/.vscode-server/bin/ddc367ed5c8936efe395cffeec279b04ffd7db78/out/vs/workbench/api/node/extensionHostProcess.js:27:2593)
	at tT.z (file:///home/rank/.vscode-server/bin/ddc367ed5c8936efe395cffeec279b04ffd7db78/out/vs/workbench/api/node/extensionHostProcess.js:29:21747)
	at tT.acceptFrame (file:///home/rank/.vscode-server/bin/ddc367ed5c8936efe395cffeec279b04ffd7db78/out/vs/workbench/api/node/extensionHostProcess.js:29:21553)
	at eT.n (file:///home/rank/.vscode-server/bin/ddc367ed5c8936efe395cffeec279b04ffd7db78/out/vs/workbench/api/node/extensionHostProcess.js:29:20080)
	at file:///home/rank/.vscode-server/bin/ddc367ed5c8936efe395cffeec279b04ffd7db78/out/vs/workbench/api/node/extensionHostProcess.js:29:17312
	at Socket.t (file:///home/rank/.vscode-server/bin/ddc367ed5c8936efe395cffeec279b04ffd7db78/out/vs/workbench/api/node/extensionHostProcess.js:29:15252)
	at Socket.emit (node:events:518:28)
	at addChunk (node:internal/streams/readable:561:12)
	at readableAddChunkPushByteMode (node:internal/streams/readable:512:3)
	at Readable.push (node:internal/streams/readable:392:5)
	at TCP.onStreamRead (node:internal/stream_base_commons:191:23) setContext undefined
2025-04-02 19:13:40.233 [error] Canceled: Canceled
	at new dR (file:///home/rank/.vscode-server/bin/ddc367ed5c8936efe395cffeec279b04ffd7db78/out/vs/workbench/api/node/extensionHostProcess.js:29:155028)
	at qy.U (file:///home/rank/.vscode-server/bin/ddc367ed5c8936efe395cffeec279b04ffd7db78/out/vs/workbench/api/node/extensionHostProcess.js:29:159639)
	at s.<computed>.n.charCodeAt.s.<computed> (file:///home/rank/.vscode-server/bin/ddc367ed5c8936efe395cffeec279b04ffd7db78/out/vs/workbench/api/node/extensionHostProcess.js:29:157133)
	at kw.g (file:///home/rank/.vscode-server/bin/ddc367ed5c8936efe395cffeec279b04ffd7db78/out/vs/workbench/api/node/extensionHostProcess.js:112:41039)
	at kw.executeCommand (file:///home/rank/.vscode-server/bin/ddc367ed5c8936efe395cffeec279b04ffd7db78/out/vs/workbench/api/node/extensionHostProcess.js:112:40543)
	at r.registerCommand.description (file:///home/rank/.vscode-server/bin/ddc367ed5c8936efe395cffeec279b04ffd7db78/out/vs/workbench/api/node/extensionHostProcess.js:112:39873)
	at kw.h (file:///home/rank/.vscode-server/bin/ddc367ed5c8936efe395cffeec279b04ffd7db78/out/vs/workbench/api/node/extensionHostProcess.js:112:41559)
	at kw.g (file:///home/rank/.vscode-server/bin/ddc367ed5c8936efe395cffeec279b04ffd7db78/out/vs/workbench/api/node/extensionHostProcess.js:112:40636)
	at kw.executeCommand (file:///home/rank/.vscode-server/bin/ddc367ed5c8936efe395cffeec279b04ffd7db78/out/vs/workbench/api/node/extensionHostProcess.js:112:40543)
	at Object.executeCommand (file:///home/rank/.vscode-server/bin/ddc367ed5c8936efe395cffeec279b04ffd7db78/out/vs/workbench/api/node/extensionHostProcess.js:172:37375)
	at set hasGitHubRepositories [as hasGitHubRepositories] (/home/rank/.vscode-server/bin/ddc367ed5c8936efe395cffeec279b04ffd7db78/extensions/github/dist/extension.js:2:217805)
	at /home/rank/.vscode-server/bin/ddc367ed5c8936efe395cffeec279b04ffd7db78/extensions/github/dist/extension.js:2:218764
	at Th.value (/home/rank/.vscode-server/bin/ddc367ed5c8936efe395cffeec279b04ffd7db78/extensions/git/dist/main.js:2:1120702)
	at D.B (file:///home/rank/.vscode-server/bin/ddc367ed5c8936efe395cffeec279b04ffd7db78/out/vs/workbench/api/node/extensionHostProcess.js:27:2375)
	at D.C (file:///home/rank/.vscode-server/bin/ddc367ed5c8936efe395cffeec279b04ffd7db78/out/vs/workbench/api/node/extensionHostProcess.js:27:2445)
	at D.fire (file:///home/rank/.vscode-server/bin/ddc367ed5c8936efe395cffeec279b04ffd7db78/out/vs/workbench/api/node/extensionHostProcess.js:27:2662)
	at Object.p [as dispose] (/home/rank/.vscode-server/bin/ddc367ed5c8936efe395cffeec279b04ffd7db78/extensions/git/dist/main.js:2:1022703)
	at /home/rank/.vscode-server/bin/ddc367ed5c8936efe395cffeec279b04ffd7db78/extensions/git/dist/main.js:2:1029021
	at Array.forEach (<anonymous>)
	at b.dispose (/home/rank/.vscode-server/bin/ddc367ed5c8936efe395cffeec279b04ffd7db78/extensions/git/dist/main.js:2:1029007)
	at fv.<anonymous> (file:///home/rank/.vscode-server/bin/ddc367ed5c8936efe395cffeec279b04ffd7db78/out/vs/workbench/api/node/extensionHostProcess.js:108:8922)
	at fv.dispose (file:///home/rank/.vscode-server/bin/ddc367ed5c8936efe395cffeec279b04ffd7db78/out/vs/workbench/api/node/extensionHostProcess.js:108:9018)
	at fv.<anonymous> (/home/rank/.vscode-server/bin/ddc367ed5c8936efe395cffeec279b04ffd7db78/extensions/git/dist/main.js:2:1002547)
	at fv.dispose (file:///home/rank/.vscode-server/bin/ddc367ed5c8936efe395cffeec279b04ffd7db78/out/vs/workbench/api/node/extensionHostProcess.js:108:9018)
	at hi (file:///home/rank/.vscode-server/bin/ddc367ed5c8936efe395cffeec279b04ffd7db78/out/vs/workbench/api/node/extensionHostProcess.js:25:701)
	at file:///home/rank/.vscode-server/bin/ddc367ed5c8936efe395cffeec279b04ffd7db78/out/vs/workbench/api/node/extensionHostProcess.js:116:14994
	at file:///home/rank/.vscode-server/bin/ddc367ed5c8936efe395cffeec279b04ffd7db78/out/vs/workbench/api/node/extensionHostProcess.js:25:1011
	at Object.dispose (file:///home/rank/.vscode-server/bin/ddc367ed5c8936efe395cffeec279b04ffd7db78/out/vs/workbench/api/node/extensionHostProcess.js:8:705)
	at zz.eb (file:///home/rank/.vscode-server/bin/ddc367ed5c8936efe395cffeec279b04ffd7db78/out/vs/workbench/api/node/extensionHostProcess.js:116:11921)
	at file:///home/rank/.vscode-server/bin/ddc367ed5c8936efe395cffeec279b04ffd7db78/out/vs/workbench/api/node/extensionHostProcess.js:116:9876
	at Array.map (<anonymous>)
	at zz.$ (file:///home/rank/.vscode-server/bin/ddc367ed5c8936efe395cffeec279b04ffd7db78/out/vs/workbench/api/node/extensionHostProcess.js:116:9864)
	at zz.terminate (file:///home/rank/.vscode-server/bin/ddc367ed5c8936efe395cffeec279b04ffd7db78/out/vs/workbench/api/node/extensionHostProcess.js:116:10107)
	at FI.terminate (file:///home/rank/.vscode-server/bin/ddc367ed5c8936efe395cffeec279b04ffd7db78/out/vs/workbench/api/node/extensionHostProcess.js:117:1434)
	at ts (file:///home/rank/.vscode-server/bin/ddc367ed5c8936efe395cffeec279b04ffd7db78/out/vs/workbench/api/node/extensionHostProcess.js:190:15108)
	at Th.value (file:///home/rank/.vscode-server/bin/ddc367ed5c8936efe395cffeec279b04ffd7db78/out/vs/workbench/api/node/extensionHostProcess.js:190:13269)
	at D.B (file:///home/rank/.vscode-server/bin/ddc367ed5c8936efe395cffeec279b04ffd7db78/out/vs/workbench/api/node/extensionHostProcess.js:27:2375)
	at D.fire (file:///home/rank/.vscode-server/bin/ddc367ed5c8936efe395cffeec279b04ffd7db78/out/vs/workbench/api/node/extensionHostProcess.js:27:2593)
	at Gn.fire (file:///home/rank/.vscode-server/bin/ddc367ed5c8936efe395cffeec279b04ffd7db78/out/vs/workbench/api/node/extensionHostProcess.js:29:9459)
	at Ym.A (file:///home/rank/.vscode-server/bin/ddc367ed5c8936efe395cffeec279b04ffd7db78/out/vs/workbench/api/node/extensionHostProcess.js:29:12575)
	at Th.value (file:///home/rank/.vscode-server/bin/ddc367ed5c8936efe395cffeec279b04ffd7db78/out/vs/workbench/api/node/extensionHostProcess.js:29:10995)
	at D.B (file:///home/rank/.vscode-server/bin/ddc367ed5c8936efe395cffeec279b04ffd7db78/out/vs/workbench/api/node/extensionHostProcess.js:27:2375)
	at D.fire (file:///home/rank/.vscode-server/bin/ddc367ed5c8936efe395cffeec279b04ffd7db78/out/vs/workbench/api/node/extensionHostProcess.js:27:2593)
	at C6.acceptChunk (file:///home/rank/.vscode-server/bin/ddc367ed5c8936efe395cffeec279b04ffd7db78/out/vs/workbench/api/node/extensionHostProcess.js:29:7942)
	at Th.value (file:///home/rank/.vscode-server/bin/ddc367ed5c8936efe395cffeec279b04ffd7db78/out/vs/workbench/api/node/extensionHostProcess.js:29:7228)
	at D.B (file:///home/rank/.vscode-server/bin/ddc367ed5c8936efe395cffeec279b04ffd7db78/out/vs/workbench/api/node/extensionHostProcess.js:27:2375)
	at D.fire (file:///home/rank/.vscode-server/bin/ddc367ed5c8936efe395cffeec279b04ffd7db78/out/vs/workbench/api/node/extensionHostProcess.js:27:2593)
	at tT.z (file:///home/rank/.vscode-server/bin/ddc367ed5c8936efe395cffeec279b04ffd7db78/out/vs/workbench/api/node/extensionHostProcess.js:29:21747)
	at tT.acceptFrame (file:///home/rank/.vscode-server/bin/ddc367ed5c8936efe395cffeec279b04ffd7db78/out/vs/workbench/api/node/extensionHostProcess.js:29:21553)
	at eT.n (file:///home/rank/.vscode-server/bin/ddc367ed5c8936efe395cffeec279b04ffd7db78/out/vs/workbench/api/node/extensionHostProcess.js:29:20080)
	at file:///home/rank/.vscode-server/bin/ddc367ed5c8936efe395cffeec279b04ffd7db78/out/vs/workbench/api/node/extensionHostProcess.js:29:17312
	at Socket.t (file:///home/rank/.vscode-server/bin/ddc367ed5c8936efe395cffeec279b04ffd7db78/out/vs/workbench/api/node/extensionHostProcess.js:29:15252)
	at Socket.emit (node:events:518:28)
	at addChunk (node:internal/streams/readable:561:12)
	at readableAddChunkPushByteMode (node:internal/streams/readable:512:3)
	at Readable.push (node:internal/streams/readable:392:5)
	at TCP.onStreamRead (node:internal/stream_base_commons:191:23) setContext undefined
2025-04-02 19:13:40.234 [error] ProxyResolver#resolveProxy DIRECT Canceled: Canceled
	at new dR (file:///home/rank/.vscode-server/bin/ddc367ed5c8936efe395cffeec279b04ffd7db78/out/vs/workbench/api/node/extensionHostProcess.js:29:155028)
	at qy.U (file:///home/rank/.vscode-server/bin/ddc367ed5c8936efe395cffeec279b04ffd7db78/out/vs/workbench/api/node/extensionHostProcess.js:29:159639)
	at s.<computed>.n.charCodeAt.s.<computed> (file:///home/rank/.vscode-server/bin/ddc367ed5c8936efe395cffeec279b04ffd7db78/out/vs/workbench/api/node/extensionHostProcess.js:29:157133)
	at cw.resolveProxy (file:///home/rank/.vscode-server/bin/ddc367ed5c8936efe395cffeec279b04ffd7db78/out/vs/workbench/api/node/extensionHostProcess.js:109:54839)
	at Object.resolveProxy (file:///home/rank/.vscode-server/bin/ddc367ed5c8936efe395cffeec279b04ffd7db78/out/vs/workbench/api/node/extensionHostProcess.js:174:18017)
	at useProxySettings (/home/rank/.vscode-server/bin/ddc367ed5c8936efe395cffeec279b04ffd7db78/node_modules/@vscode/proxy-agent/out/index.js:182:16)
	at /home/rank/.vscode-server/bin/ddc367ed5c8936efe395cffeec279b04ffd7db78/node_modules/@vscode/proxy-agent/out/index.js:119:13
	at /home/rank/.vscode-server/bin/ddc367ed5c8936efe395cffeec279b04ffd7db78/node_modules/@vscode/proxy-agent/out/index.js:707:13
	at process.processTicksAndRejections (node:internal/process/task_queues:95:5) 
2025-04-02 19:13:40.268 [info] Extension host with pid 3790 exiting with code 0
