2025-03-05 19:19:12.750 [info] [main] Log level: Info
2025-03-05 19:19:12.750 [info] [main] Validating found git in: "git"
2025-03-05 19:19:12.750 [info] [main] Using git "2.43.0" from "git"
2025-03-05 19:19:12.750 [info] [Model][doInitialScan] Initial repository scan started
2025-03-05 19:19:12.750 [info] > git rev-parse --show-toplevel [2ms]
2025-03-05 19:19:12.750 [info] > git rev-parse --git-dir --git-common-dir [6ms]
2025-03-05 19:19:12.750 [info] [Model][openRepository] Opened repository: /home/rank/ucc-gestionBS
2025-03-05 19:19:12.751 [info] > git rev-parse --show-toplevel [5ms]
2025-03-05 19:19:12.751 [info] > git config --get commit.template [8ms]
2025-03-05 19:19:12.758 [info] > git rev-parse --show-toplevel [5ms]
2025-03-05 19:19:12.760 [info] > git for-each-ref --format=%(refname)%00%(upstream:short)%00%(objectname)%00%(upstream:track)%00%(upstream:remotename)%00%(upstream:remoteref) refs/heads/main refs/remotes/main [4ms]
2025-03-05 19:19:12.761 [info] > git rev-parse --show-toplevel [1ms]
2025-03-05 19:19:12.762 [info] [Model][doInitialScan] Initial repository scan completed - repositories (1), closed repositories (0), parent repositories (0), unsafe repositories (0)
2025-03-05 19:19:12.770 [info] > git status -z -uall [3ms]
2025-03-05 19:19:12.771 [info] > git for-each-ref --sort -committerdate --format %(refname) %(objectname) %(*objectname) [1ms]
2025-03-05 19:19:12.793 [info] > git for-each-ref --format=%(refname)%00%(upstream:short)%00%(objectname)%00%(upstream:track)%00%(upstream:remotename)%00%(upstream:remoteref) refs/heads/main refs/remotes/main [5ms]
2025-03-05 19:19:12.796 [info] > git config --get commit.template [4ms]
2025-03-05 19:19:12.796 [info] > git config --get --local branch.main.vscode-merge-base [1ms]
2025-03-05 19:19:12.796 [warning] [Git][config] git config failed: Failed to execute git
2025-03-05 19:19:12.801 [info] > git reflog main --grep-reflog=branch: Created from *. [3ms]
2025-03-05 19:19:12.803 [info] > git for-each-ref --format=%(refname)%00%(upstream:short)%00%(objectname)%00%(upstream:track)%00%(upstream:remotename)%00%(upstream:remoteref) refs/heads/main refs/remotes/main [3ms]
2025-03-05 19:19:12.808 [info] > git status -z -uall [3ms]
2025-03-05 19:19:12.808 [info] > git symbolic-ref --short refs/remotes/origin/HEAD [5ms]
2025-03-05 19:19:12.808 [info] fatal: ref refs/remotes/origin/HEAD is not a symbolic ref
2025-03-05 19:19:12.808 [warning] [Repository][getDefaultBranch] Failed to get default branch details: Failed to execute git.
2025-03-05 19:19:12.814 [info] > git for-each-ref --sort -committerdate --format %(refname) %(objectname) %(*objectname) [6ms]
2025-03-05 19:19:12.818 [info] > git merge-base refs/heads/main refs/remotes/origin/main [6ms]
2025-03-05 19:19:12.821 [info] > git merge-base refs/heads/main refs/remotes/origin/main [5ms]
2025-03-05 19:19:12.823 [info] > git diff --name-status -z --diff-filter=ADMR cef3bbbb4ce9dfa352ba2d99967482e5048a87a1...refs/remotes/origin/main [3ms]
2025-03-05 19:19:12.824 [info] > git diff --name-status -z --diff-filter=ADMR cef3bbbb4ce9dfa352ba2d99967482e5048a87a1...refs/remotes/origin/main [1ms]
2025-03-05 19:19:13.099 [info] > git show --textconv :ucc-gestionBS/docker-compose.yml [2ms]
2025-03-05 19:19:13.100 [info] > git ls-files --stage -- /home/rank/ucc-gestionBS/ucc-gestionBS/docker-compose.yml [1ms]
2025-03-05 19:19:13.103 [info] > git cat-file -s ce1394b6884562adb237b34a46b1e0d5703e565d [1ms]
2025-03-05 19:19:13.269 [info] > git check-ignore -v -z --stdin [1ms]
2025-03-05 19:19:27.212 [info] > git config --get commit.template [3ms]
2025-03-05 19:19:27.212 [info] > git for-each-ref --format=%(refname)%00%(upstream:short)%00%(objectname)%00%(upstream:track)%00%(upstream:remotename)%00%(upstream:remoteref) refs/heads/main refs/remotes/main [1ms]
2025-03-05 19:19:27.218 [info] > git status -z -uall [3ms]
2025-03-05 19:19:27.218 [info] > git for-each-ref --sort -committerdate --format %(refname) %(objectname) %(*objectname) [1ms]
2025-03-05 19:19:33.979 [info] > git show --textconv :docker-compose.yml [3ms]
2025-03-05 19:19:33.979 [info] > git ls-files --stage -- /home/rank/ucc-gestionBS/docker-compose.yml [0ms]
2025-03-05 19:19:33.982 [info] > git cat-file -s d5900858edeeb19301296309f03014c0dcdc317b [1ms]
2025-03-05 19:19:34.002 [info] > git blame --root --incremental cef3bbbb4ce9dfa352ba2d99967482e5048a87a1 -- /home/rank/ucc-gestionBS/docker-compose.yml [6ms]
2025-03-05 19:19:34.815 [info] > git config --get commit.template [3ms]
2025-03-05 19:19:34.815 [info] > git for-each-ref --format=%(refname)%00%(upstream:short)%00%(objectname)%00%(upstream:track)%00%(upstream:remotename)%00%(upstream:remoteref) refs/heads/main refs/remotes/main [1ms]
2025-03-05 19:19:34.820 [info] > git status -z -uall [2ms]
2025-03-05 19:19:34.822 [info] > git for-each-ref --sort -committerdate --format %(refname) %(objectname) %(*objectname) [2ms]
2025-03-05 19:19:46.419 [info] > git config --get commit.template [4ms]
2025-03-05 19:19:46.419 [info] > git for-each-ref --format=%(refname)%00%(upstream:short)%00%(objectname)%00%(upstream:track)%00%(upstream:remotename)%00%(upstream:remoteref) refs/heads/main refs/remotes/main [1ms]
2025-03-05 19:19:46.425 [info] > git status -z -uall [3ms]
2025-03-05 19:19:46.426 [info] > git for-each-ref --sort -committerdate --format %(refname) %(objectname) %(*objectname) [2ms]
2025-03-05 19:19:55.232 [info] > git show --textconv :docker-compose.yml [3ms]
2025-03-05 19:19:55.232 [info] > git ls-files --stage -- /home/rank/ucc-gestionBS/docker-compose.yml [0ms]
2025-03-05 19:19:55.236 [info] > git cat-file -s d5900858edeeb19301296309f03014c0dcdc317b [1ms]
2025-03-05 19:19:56.070 [info] > git config --get commit.template [3ms]
2025-03-05 19:19:56.070 [info] > git for-each-ref --format=%(refname)%00%(upstream:short)%00%(objectname)%00%(upstream:track)%00%(upstream:remotename)%00%(upstream:remoteref) refs/heads/main refs/remotes/main [1ms]
2025-03-05 19:19:56.076 [info] > git status -z -uall [3ms]
2025-03-05 19:19:56.078 [info] > git for-each-ref --sort -committerdate --format %(refname) %(objectname) %(*objectname) [3ms]
2025-03-05 19:20:09.162 [info] > git config --get commit.template [1ms]
2025-03-05 19:20:09.165 [info] > git for-each-ref --format=%(refname)%00%(upstream:short)%00%(objectname)%00%(upstream:track)%00%(upstream:remotename)%00%(upstream:remoteref) refs/heads/main refs/remotes/main [1ms]
2025-03-05 19:20:09.171 [info] > git status -z -uall [3ms]
2025-03-05 19:20:09.172 [info] > git for-each-ref --sort -committerdate --format %(refname) %(objectname) %(*objectname) [2ms]
2025-03-05 19:20:14.195 [info] > git config --get commit.template [3ms]
2025-03-05 19:20:14.195 [info] > git for-each-ref --format=%(refname)%00%(upstream:short)%00%(objectname)%00%(upstream:track)%00%(upstream:remotename)%00%(upstream:remoteref) refs/heads/main refs/remotes/main [1ms]
2025-03-05 19:20:14.200 [info] > git status -z -uall [3ms]
2025-03-05 19:20:14.201 [info] > git for-each-ref --sort -committerdate --format %(refname) %(objectname) %(*objectname) [2ms]
2025-03-05 19:20:19.412 [info] > git config --get commit.template [3ms]
2025-03-05 19:20:19.412 [info] > git for-each-ref --format=%(refname)%00%(upstream:short)%00%(objectname)%00%(upstream:track)%00%(upstream:remotename)%00%(upstream:remoteref) refs/heads/main refs/remotes/main [1ms]
2025-03-05 19:20:19.418 [info] > git status -z -uall [3ms]
2025-03-05 19:20:19.418 [info] > git for-each-ref --sort -committerdate --format %(refname) %(objectname) %(*objectname) [1ms]
2025-03-05 19:20:19.482 [info] > git show --textconv :docker-compose.yml [3ms]
2025-03-05 19:20:19.483 [info] > git ls-files --stage -- /home/rank/ucc-gestionBS/docker-compose.yml [2ms]
2025-03-05 19:20:19.486 [info] > git cat-file -s d5900858edeeb19301296309f03014c0dcdc317b [1ms]
2025-03-05 19:21:13.468 [info] > git config --get commit.template [3ms]
2025-03-05 19:21:13.468 [info] > git for-each-ref --format=%(refname)%00%(upstream:short)%00%(objectname)%00%(upstream:track)%00%(upstream:remotename)%00%(upstream:remoteref) refs/heads/main refs/remotes/main [2ms]
2025-03-05 19:21:13.472 [info] > git status -z -uall [2ms]
2025-03-05 19:21:13.473 [info] > git for-each-ref --sort -committerdate --format %(refname) %(objectname) %(*objectname) [1ms]
2025-03-05 19:32:32.842 [info] > git config --get commit.template [8ms]
2025-03-05 19:32:32.844 [info] > git for-each-ref --format=%(refname)%00%(upstream:short)%00%(objectname)%00%(upstream:track)%00%(upstream:remotename)%00%(upstream:remoteref) refs/heads/main refs/remotes/main [8ms]
2025-03-05 19:32:32.850 [info] > git status -z -uall [3ms]
2025-03-05 19:32:32.852 [info] > git for-each-ref --sort -committerdate --format %(refname) %(objectname) %(*objectname) [1ms]
2025-03-05 19:32:43.790 [info] > git config --get commit.template [3ms]
2025-03-05 19:32:43.791 [info] > git for-each-ref --format=%(refname)%00%(upstream:short)%00%(objectname)%00%(upstream:track)%00%(upstream:remotename)%00%(upstream:remoteref) refs/heads/main refs/remotes/main [1ms]
2025-03-05 19:32:43.796 [info] > git status -z -uall [2ms]
2025-03-05 19:32:43.798 [info] > git for-each-ref --sort -committerdate --format %(refname) %(objectname) %(*objectname) [2ms]
2025-03-05 19:38:46.723 [info] > git config --get commit.template [3ms]
2025-03-05 19:38:46.723 [info] > git for-each-ref --format=%(refname)%00%(upstream:short)%00%(objectname)%00%(upstream:track)%00%(upstream:remotename)%00%(upstream:remoteref) refs/heads/main refs/remotes/main [1ms]
2025-03-05 19:38:46.729 [info] > git status -z -uall [2ms]
2025-03-05 19:38:46.730 [info] > git for-each-ref --sort -committerdate --format %(refname) %(objectname) %(*objectname) [1ms]
2025-03-05 19:45:12.694 [info] > git config --get commit.template [8ms]
2025-03-05 19:45:12.696 [info] > git for-each-ref --format=%(refname)%00%(upstream:short)%00%(objectname)%00%(upstream:track)%00%(upstream:remotename)%00%(upstream:remoteref) refs/heads/main refs/remotes/main [7ms]
2025-03-05 19:45:12.701 [info] > git status -z -uall [2ms]
2025-03-05 19:45:12.702 [info] > git for-each-ref --sort -committerdate --format %(refname) %(objectname) %(*objectname) [1ms]
2025-03-05 19:56:02.574 [info] > git config --get commit.template [8ms]
2025-03-05 19:56:02.577 [info] > git for-each-ref --format=%(refname)%00%(upstream:short)%00%(objectname)%00%(upstream:track)%00%(upstream:remotename)%00%(upstream:remoteref) refs/heads/main refs/remotes/main [9ms]
2025-03-05 19:56:02.582 [info] > git status -z -uall [3ms]
2025-03-05 19:56:02.583 [info] > git for-each-ref --sort -committerdate --format %(refname) %(objectname) %(*objectname) [1ms]
2025-03-05 21:44:52.345 [info] > git config --get commit.template [3ms]
2025-03-05 21:44:52.345 [info] > git for-each-ref --format=%(refname)%00%(upstream:short)%00%(objectname)%00%(upstream:track)%00%(upstream:remotename)%00%(upstream:remoteref) refs/heads/main refs/remotes/main [1ms]
2025-03-05 21:44:52.351 [info] > git status -z -uall [3ms]
2025-03-05 21:44:52.352 [info] > git for-each-ref --sort -committerdate --format %(refname) %(objectname) %(*objectname) [2ms]
2025-03-05 21:45:14.918 [info] > git check-ignore -v -z --stdin [1ms]
2025-03-05 21:45:21.862 [info] > git config --get commit.template [3ms]
2025-03-05 21:45:21.862 [info] > git for-each-ref --format=%(refname)%00%(upstream:short)%00%(objectname)%00%(upstream:track)%00%(upstream:remotename)%00%(upstream:remoteref) refs/heads/main refs/remotes/main [1ms]
2025-03-05 21:45:21.869 [info] > git status -z -uall [4ms]
2025-03-05 21:45:21.869 [info] > git for-each-ref --sort -committerdate --format %(refname) %(objectname) %(*objectname) [1ms]
2025-03-05 22:01:17.334 [info] > git config --get commit.template [8ms]
2025-03-05 22:01:17.337 [info] > git for-each-ref --format=%(refname)%00%(upstream:short)%00%(objectname)%00%(upstream:track)%00%(upstream:remotename)%00%(upstream:remoteref) refs/heads/main refs/remotes/main [8ms]
2025-03-05 22:01:17.343 [info] > git status -z -uall [3ms]
2025-03-05 22:01:17.345 [info] > git for-each-ref --sort -committerdate --format %(refname) %(objectname) %(*objectname) [2ms]
2025-03-05 22:04:48.515 [info] > git config --get commit.template [3ms]
2025-03-05 22:04:48.516 [info] > git for-each-ref --format=%(refname)%00%(upstream:short)%00%(objectname)%00%(upstream:track)%00%(upstream:remotename)%00%(upstream:remoteref) refs/heads/main refs/remotes/main [1ms]
2025-03-05 22:04:48.521 [info] > git status -z -uall [3ms]
2025-03-05 22:04:48.522 [info] > git for-each-ref --sort -committerdate --format %(refname) %(objectname) %(*objectname) [1ms]
2025-03-05 22:04:48.615 [info] > git ls-files --stage -- /home/rank/ucc-gestionBS/docker-compose.yml [1ms]
2025-03-05 22:04:48.619 [info] > git cat-file -s d5900858edeeb19301296309f03014c0dcdc317b [1ms]
2025-03-05 22:04:48.640 [info] > git show --textconv :docker-compose.yml [16ms]
2025-03-05 22:04:51.307 [info] > git config --get commit.template [1ms]
2025-03-05 22:04:51.311 [info] > git for-each-ref --format=%(refname)%00%(upstream:short)%00%(objectname)%00%(upstream:track)%00%(upstream:remotename)%00%(upstream:remoteref) refs/heads/main refs/remotes/main [0ms]
2025-03-05 22:04:51.316 [info] > git for-each-ref --sort -committerdate --format %(refname) %(objectname) %(*objectname) [1ms]
2025-03-05 22:04:51.317 [info] > git status -z -uall [4ms]
2025-03-05 22:04:51.669 [info] > git show --textconv HEAD:docker-compose.yml [3ms]
2025-03-05 22:04:51.670 [info] > git ls-tree -l HEAD -- /home/rank/ucc-gestionBS/docker-compose.yml [0ms]
2025-03-05 22:04:52.201 [info] > git config --get commit.template [3ms]
2025-03-05 22:04:52.202 [info] > git for-each-ref --format=%(refname)%00%(upstream:short)%00%(objectname)%00%(upstream:track)%00%(upstream:remotename)%00%(upstream:remoteref) refs/heads/main refs/remotes/main [1ms]
2025-03-05 22:04:52.212 [info] > git status -z -uall [7ms]
2025-03-05 22:04:52.213 [info] > git ls-tree -l HEAD -- /home/rank/ucc-gestionBS/docker-compose.yml [1ms]
2025-03-05 22:04:52.213 [info] > git ls-files --stage -- /home/rank/ucc-gestionBS/docker-compose.yml [3ms]
2025-03-05 22:04:52.215 [info] > git for-each-ref --sort -committerdate --format %(refname) %(objectname) %(*objectname) [8ms]
2025-03-05 22:04:52.218 [info] > git cat-file -s 8d65aba51a2272f9213e5b01a1120b3b65f16a53 [3ms]
2025-03-05 22:04:52.227 [info] > git show --textconv HEAD:docker-compose.yml [4ms]
2025-03-05 22:04:52.227 [info] > git show --textconv :docker-compose.yml [1ms]
2025-03-05 22:04:53.111 [info] > git config --get commit.template [2ms]
2025-03-05 22:04:53.112 [info] > git for-each-ref --format=%(refname)%00%(upstream:short)%00%(objectname)%00%(upstream:track)%00%(upstream:remotename)%00%(upstream:remoteref) refs/heads/main refs/remotes/main [1ms]
2025-03-05 22:04:53.117 [info] > git status -z -uall [2ms]
2025-03-05 22:04:53.118 [info] > git for-each-ref --sort -committerdate --format %(refname) %(objectname) %(*objectname) [1ms]
2025-03-05 22:04:53.126 [info] > git blame --root --incremental 89e31683cdbb7d286644636852dc80126abdad54 -- /home/rank/ucc-gestionBS/docker-compose.yml [3ms]
2025-03-05 22:04:53.127 [info] > git merge-base refs/heads/main refs/remotes/origin/main [2ms]
2025-03-05 22:04:53.131 [info] > git diff --name-status -z --diff-filter=ADMR cef3bbbb4ce9dfa352ba2d99967482e5048a87a1...refs/remotes/origin/main [2ms]
2025-03-05 22:04:54.092 [info] > git ls-files --stage -- /home/rank/ucc-gestionBS/docker-compose.yml [0ms]
2025-03-05 22:04:54.094 [info] > git cat-file -s 8d65aba51a2272f9213e5b01a1120b3b65f16a53 [1ms]
2025-03-05 22:04:54.099 [info] > git show --textconv :docker-compose.yml [1ms]
2025-03-05 22:05:00.966 [info] > git config --get commit.template [3ms]
2025-03-05 22:05:00.967 [info] > git for-each-ref --format=%(refname)%00%(upstream:short)%00%(objectname)%00%(upstream:track)%00%(upstream:remotename)%00%(upstream:remoteref) refs/heads/main refs/remotes/main [1ms]
2025-03-05 22:05:00.974 [info] > git status -z -uall [4ms]
2025-03-05 22:05:00.975 [info] > git for-each-ref --sort -committerdate --format %(refname) %(objectname) %(*objectname) [2ms]
2025-03-05 22:05:01.733 [info] > git config --get commit.template [2ms]
2025-03-05 22:05:01.735 [info] > git for-each-ref --format=%(refname)%00%(upstream:short)%00%(objectname)%00%(upstream:track)%00%(upstream:remotename)%00%(upstream:remoteref) refs/heads/main refs/remotes/main [2ms]
2025-03-05 22:05:01.740 [info] > git status -z -uall [2ms]
2025-03-05 22:05:01.741 [info] > git for-each-ref --sort -committerdate --format %(refname) %(objectname) %(*objectname) [1ms]
2025-03-05 22:05:04.290 [info] > git ls-files --stage -- /home/rank/ucc-gestionBS/docker-compose.yml [1ms]
2025-03-05 22:05:04.293 [info] > git cat-file -s 8d65aba51a2272f9213e5b01a1120b3b65f16a53 [1ms]
2025-03-05 22:05:04.298 [info] > git show --textconv :docker-compose.yml [1ms]
2025-03-05 22:05:05.983 [info] > git config --get commit.template [2ms]
2025-03-05 22:05:05.983 [info] > git for-each-ref --format=%(refname)%00%(upstream:short)%00%(objectname)%00%(upstream:track)%00%(upstream:remotename)%00%(upstream:remoteref) refs/heads/main refs/remotes/main [1ms]
2025-03-05 22:05:05.988 [info] > git status -z -uall [3ms]
2025-03-05 22:05:05.989 [info] > git for-each-ref --sort -committerdate --format %(refname) %(objectname) %(*objectname) [1ms]
2025-03-05 22:05:06.258 [info] > git config --get commit.template [3ms]
2025-03-05 22:05:06.258 [info] > git for-each-ref --format=%(refname)%00%(upstream:short)%00%(objectname)%00%(upstream:track)%00%(upstream:remotename)%00%(upstream:remoteref) refs/heads/main refs/remotes/main [1ms]
2025-03-05 22:05:06.263 [info] > git status -z -uall [2ms]
2025-03-05 22:05:06.264 [info] > git for-each-ref --sort -committerdate --format %(refname) %(objectname) %(*objectname) [1ms]
2025-03-05 22:05:06.269 [info] > git merge-base refs/heads/main refs/remotes/origin/main [1ms]
2025-03-05 22:05:06.273 [info] > git diff --name-status -z --diff-filter=ADMR 89e31683cdbb7d286644636852dc80126abdad54...refs/remotes/origin/main [1ms]
2025-03-05 22:05:07.528 [info] > git ls-files --stage -- /home/rank/ucc-gestionBS/docker-compose.yml [1ms]
2025-03-05 22:05:07.531 [info] > git cat-file -s 8d65aba51a2272f9213e5b01a1120b3b65f16a53 [1ms]
2025-03-05 22:05:07.537 [info] > git show --textconv :docker-compose.yml [1ms]
2025-03-05 22:06:12.643 [info] > git config --get commit.template [3ms]
2025-03-05 22:06:12.643 [info] > git for-each-ref --format=%(refname)%00%(upstream:short)%00%(objectname)%00%(upstream:track)%00%(upstream:remotename)%00%(upstream:remoteref) refs/heads/main refs/remotes/main [1ms]
2025-03-05 22:06:12.650 [info] > git status -z -uall [4ms]
2025-03-05 22:06:12.650 [info] > git for-each-ref --sort -committerdate --format %(refname) %(objectname) %(*objectname) [1ms]
