2025-03-20 15:20:22.971 [info] [main] Log level: Info
2025-03-20 15:20:22.971 [info] [main] Validating found git in: "git"
2025-03-20 15:20:22.971 [info] [main] Using git "2.43.0" from "git"
2025-03-20 15:20:22.971 [info] [Model][doInitialScan] Initial repository scan started
2025-03-20 15:20:22.971 [info] > git rev-parse --show-toplevel [25ms]
2025-03-20 15:20:22.971 [info] > git rev-parse --git-dir --git-common-dir [1ms]
2025-03-20 15:20:22.971 [info] [Model][openRepository] Opened repository: /home/rank/ucc-gestionBS
2025-03-20 15:20:22.971 [info] [Model][doInitialScan] Initial repository scan completed - repositories (1), closed repositories (0), parent repositories (0), unsafe repositories (0)
2025-03-20 15:20:22.971 [info] > git config --get commit.template [2ms]
2025-03-20 15:20:22.977 [info] > git for-each-ref --format=%(refname)%00%(upstream:short)%00%(objectname)%00%(upstream:track)%00%(upstream:remotename)%00%(upstream:remoteref) refs/heads/main refs/remotes/main [4ms]
2025-03-20 15:20:22.983 [info] > git status -z -uall [3ms]
2025-03-20 15:20:22.984 [info] > git for-each-ref --sort -committerdate --format %(refname) %(objectname) %(*objectname) [1ms]
2025-03-20 15:20:23.026 [info] > git for-each-ref --format=%(refname)%00%(upstream:short)%00%(objectname)%00%(upstream:track)%00%(upstream:remotename)%00%(upstream:remoteref) refs/heads/main refs/remotes/main [21ms]
2025-03-20 15:20:23.030 [info] > git config --get commit.template [22ms]
2025-03-20 15:20:23.031 [info] > git config --get --local branch.main.vscode-merge-base [3ms]
2025-03-20 15:20:23.031 [warning] [Git][config] git config failed: Failed to execute git
2025-03-20 15:20:23.044 [info] > git reflog main --grep-reflog=branch: Created from *. [12ms]
2025-03-20 15:20:23.046 [info] > git for-each-ref --format=%(refname)%00%(upstream:short)%00%(objectname)%00%(upstream:track)%00%(upstream:remotename)%00%(upstream:remoteref) refs/heads/main refs/remotes/main [12ms]
2025-03-20 15:20:23.051 [info] > git status -z -uall [3ms]
2025-03-20 15:20:23.052 [info] > git symbolic-ref --short refs/remotes/origin/HEAD [7ms]
2025-03-20 15:20:23.052 [info] fatal: ref refs/remotes/origin/HEAD is not a symbolic ref
2025-03-20 15:20:23.052 [warning] [Repository][getDefaultBranch] Failed to get default branch details: Failed to execute git.
2025-03-20 15:20:23.056 [info] > git for-each-ref --sort -committerdate --format %(refname) %(objectname) %(*objectname) [6ms]
2025-03-20 15:20:23.065 [info] > git merge-base refs/heads/main refs/remotes/origin/main [4ms]
2025-03-20 15:20:23.068 [info] > git merge-base refs/heads/main refs/remotes/origin/main [13ms]
2025-03-20 15:20:23.071 [info] > git diff --name-status -z --diff-filter=ADMR 88a044e4acd4c60bec2459f9417a8f0bb8c4c822...refs/remotes/origin/main [3ms]
2025-03-20 15:20:23.071 [info] > git diff --name-status -z --diff-filter=ADMR 88a044e4acd4c60bec2459f9417a8f0bb8c4c822...refs/remotes/origin/main [2ms]
2025-03-20 15:20:23.513 [info] > git check-ignore -v -z --stdin [1ms]
2025-03-20 15:20:34.512 [info] > git show --textconv :docker-compose.yml [55ms]
2025-03-20 15:20:34.513 [info] > git ls-files --stage -- docker-compose.yml [54ms]
2025-03-20 15:20:34.524 [info] > git cat-file -s 7bdba119339041d082f3721b99d7e5ba88387600 [10ms]
2025-03-20 15:20:34.662 [info] > git check-ignore -v -z --stdin [1ms]
2025-03-20 15:20:36.489 [info] > git config --get commit.template [1ms]
2025-03-20 15:20:36.492 [info] > git for-each-ref --format=%(refname)%00%(upstream:short)%00%(objectname)%00%(upstream:track)%00%(upstream:remotename)%00%(upstream:remoteref) refs/heads/main refs/remotes/main [1ms]
2025-03-20 15:20:36.498 [info] > git status -z -uall [3ms]
2025-03-20 15:20:36.499 [info] > git for-each-ref --sort -committerdate --format %(refname) %(objectname) %(*objectname) [2ms]
2025-03-20 15:20:37.377 [info] > git blame --root --incremental 88a044e4acd4c60bec2459f9417a8f0bb8c4c822 -- docker-compose.yml [6ms]
2025-03-20 15:20:41.508 [info] > git config --get commit.template [2ms]
2025-03-20 15:20:41.508 [info] > git for-each-ref --format=%(refname)%00%(upstream:short)%00%(objectname)%00%(upstream:track)%00%(upstream:remotename)%00%(upstream:remoteref) refs/heads/main refs/remotes/main [1ms]
2025-03-20 15:20:41.512 [info] > git status -z -uall [2ms]
2025-03-20 15:20:41.513 [info] > git for-each-ref --sort -committerdate --format %(refname) %(objectname) %(*objectname) [1ms]
2025-03-20 15:29:22.240 [info] > git config --get commit.template [3ms]
2025-03-20 15:29:22.241 [info] > git for-each-ref --format=%(refname)%00%(upstream:short)%00%(objectname)%00%(upstream:track)%00%(upstream:remotename)%00%(upstream:remoteref) refs/heads/main refs/remotes/main [1ms]
2025-03-20 15:29:22.246 [info] > git status -z -uall [3ms]
2025-03-20 15:29:22.246 [info] > git for-each-ref --sort -committerdate --format %(refname) %(objectname) %(*objectname) [1ms]
2025-03-20 15:29:22.577 [info] > git show --textconv HEAD:docker-compose.yml [2ms]
2025-03-20 15:29:22.578 [info] > git ls-tree -l HEAD -- docker-compose.yml [2ms]
2025-03-20 15:29:25.495 [info] > git ls-files --stage -- docker-compose.yml [2ms]
2025-03-20 15:29:25.496 [info] > git config --get commit.template [6ms]
2025-03-20 15:29:25.499 [info] > git ls-tree -l HEAD -- docker-compose.yml [5ms]
2025-03-20 15:29:25.499 [info] > git for-each-ref --format=%(refname)%00%(upstream:short)%00%(objectname)%00%(upstream:track)%00%(upstream:remotename)%00%(upstream:remoteref) refs/heads/main refs/remotes/main [1ms]
2025-03-20 15:29:25.500 [info] > git cat-file -s 4286c39ab6b91af676a93fa2d8029d08b9724f99 [3ms]
2025-03-20 15:29:25.506 [info] > git status -z -uall [5ms]
2025-03-20 15:29:25.506 [info] > git show --textconv HEAD:docker-compose.yml [1ms]
2025-03-20 15:29:25.507 [info] > git for-each-ref --sort -committerdate --format %(refname) %(objectname) %(*objectname) [4ms]
2025-03-20 15:29:25.508 [info] > git show --textconv :docker-compose.yml [2ms]
2025-03-20 15:29:26.480 [info] > git config --get commit.template [2ms]
2025-03-20 15:29:26.481 [info] > git for-each-ref --format=%(refname)%00%(upstream:short)%00%(objectname)%00%(upstream:track)%00%(upstream:remotename)%00%(upstream:remoteref) refs/heads/main refs/remotes/main [1ms]
2025-03-20 15:29:26.486 [info] > git status -z -uall [3ms]
2025-03-20 15:29:26.486 [info] > git for-each-ref --sort -committerdate --format %(refname) %(objectname) %(*objectname) [1ms]
2025-03-20 15:29:26.493 [info] > git blame --root --incremental b90fd0596e6abde03e9e976ebe17155c8baa5edb -- docker-compose.yml [3ms]
2025-03-20 15:29:26.494 [info] > git merge-base refs/heads/main refs/remotes/origin/main [1ms]
2025-03-20 15:29:26.497 [info] > git diff --name-status -z --diff-filter=ADMR 88a044e4acd4c60bec2459f9417a8f0bb8c4c822...refs/remotes/origin/main [1ms]
2025-03-20 15:29:30.407 [info] > git ls-files --stage -- docker-compose.yml [1ms]
2025-03-20 15:29:30.410 [info] > git cat-file -s 4286c39ab6b91af676a93fa2d8029d08b9724f99 [1ms]
2025-03-20 15:29:30.418 [info] > git show --textconv :docker-compose.yml [1ms]
2025-03-20 15:29:30.514 [info] > git config --get commit.template [2ms]
2025-03-20 15:29:30.515 [info] > git for-each-ref --format=%(refname)%00%(upstream:short)%00%(objectname)%00%(upstream:track)%00%(upstream:remotename)%00%(upstream:remoteref) refs/heads/main refs/remotes/main [1ms]
2025-03-20 15:29:30.520 [info] > git status -z -uall [3ms]
2025-03-20 15:29:30.521 [info] > git for-each-ref --sort -committerdate --format %(refname) %(objectname) %(*objectname) [1ms]
2025-03-20 15:29:31.162 [info] > git config --get commit.template [2ms]
2025-03-20 15:29:31.163 [info] > git for-each-ref --format=%(refname)%00%(upstream:short)%00%(objectname)%00%(upstream:track)%00%(upstream:remotename)%00%(upstream:remoteref) refs/heads/main refs/remotes/main [1ms]
2025-03-20 15:29:31.167 [info] > git status -z -uall [2ms]
2025-03-20 15:29:31.168 [info] > git for-each-ref --sort -committerdate --format %(refname) %(objectname) %(*objectname) [1ms]
2025-03-20 15:29:33.602 [info] > git ls-files --stage -- docker-compose.yml [1ms]
2025-03-20 15:29:33.604 [info] > git cat-file -s 4286c39ab6b91af676a93fa2d8029d08b9724f99 [1ms]
2025-03-20 15:29:33.609 [info] > git show --textconv :docker-compose.yml [1ms]
2025-03-20 15:29:35.531 [info] > git config --get commit.template [2ms]
2025-03-20 15:29:35.531 [info] > git for-each-ref --format=%(refname)%00%(upstream:short)%00%(objectname)%00%(upstream:track)%00%(upstream:remotename)%00%(upstream:remoteref) refs/heads/main refs/remotes/main [1ms]
2025-03-20 15:29:35.535 [info] > git status -z -uall [2ms]
2025-03-20 15:29:35.536 [info] > git for-each-ref --sort -committerdate --format %(refname) %(objectname) %(*objectname) [1ms]
2025-03-20 15:29:35.790 [info] > git config --get commit.template [2ms]
2025-03-20 15:29:35.791 [info] > git for-each-ref --format=%(refname)%00%(upstream:short)%00%(objectname)%00%(upstream:track)%00%(upstream:remotename)%00%(upstream:remoteref) refs/heads/main refs/remotes/main [1ms]
2025-03-20 15:29:35.795 [info] > git status -z -uall [2ms]
2025-03-20 15:29:35.796 [info] > git for-each-ref --sort -committerdate --format %(refname) %(objectname) %(*objectname) [1ms]
2025-03-20 15:29:35.802 [info] > git merge-base refs/heads/main refs/remotes/origin/main [1ms]
2025-03-20 15:29:35.805 [info] > git diff --name-status -z --diff-filter=ADMR b90fd0596e6abde03e9e976ebe17155c8baa5edb...refs/remotes/origin/main [1ms]
2025-03-20 15:29:37.068 [info] > git ls-files --stage -- docker-compose.yml [1ms]
2025-03-20 15:29:37.070 [info] > git cat-file -s 4286c39ab6b91af676a93fa2d8029d08b9724f99 [1ms]
2025-03-20 15:29:37.075 [info] > git show --textconv :docker-compose.yml [1ms]
2025-03-20 15:29:40.754 [info] > git config --get commit.template [2ms]
2025-03-20 15:29:40.755 [info] > git for-each-ref --format=%(refname)%00%(upstream:short)%00%(objectname)%00%(upstream:track)%00%(upstream:remotename)%00%(upstream:remoteref) refs/heads/main refs/remotes/main [1ms]
2025-03-20 15:29:40.760 [info] > git status -z -uall [3ms]
2025-03-20 15:29:40.760 [info] > git for-each-ref --sort -committerdate --format %(refname) %(objectname) %(*objectname) [1ms]
