2025-03-12 18:36:40.805 [info] [main] Log level: Info
2025-03-12 18:36:40.805 [info] [main] Validating found git in: "git"
2025-03-12 18:36:40.805 [info] [main] Using git "2.43.0" from "git"
2025-03-12 18:36:40.805 [info] [Model][doInitialScan] Initial repository scan started
2025-03-12 18:36:40.805 [info] > git rev-parse --show-toplevel [3ms]
2025-03-12 18:36:40.805 [info] > git rev-parse --git-dir --git-common-dir [1ms]
2025-03-12 18:36:40.806 [info] [Model][openRepository] Opened repository: /home/rank/ucc-gestionBS
2025-03-12 18:36:40.806 [info] > git config --get commit.template [2ms]
2025-03-12 18:36:40.806 [info] > git rev-parse --show-toplevel [1ms]
2025-03-12 18:36:40.806 [info] > git rev-parse --show-toplevel [5ms]
2025-03-12 18:36:40.806 [info] [Model][doInitialScan] Initial repository scan completed - repositories (1), closed repositories (0), parent repositories (0), unsafe repositories (0)
2025-03-12 18:36:40.806 [info] > git for-each-ref --format=%(refname)%00%(upstream:short)%00%(objectname)%00%(upstream:track)%00%(upstream:remotename)%00%(upstream:remoteref) refs/heads/main refs/remotes/main [9ms]
2025-03-12 18:36:40.806 [info] > git for-each-ref --sort -committerdate --format %(refname) %(objectname) %(*objectname) [1ms]
2025-03-12 18:36:40.806 [info] > git status -z -uall [5ms]
2025-03-12 18:36:40.806 [info] > git for-each-ref --format=%(refname)%00%(upstream:short)%00%(objectname)%00%(upstream:track)%00%(upstream:remotename)%00%(upstream:remoteref) refs/heads/main refs/remotes/main [8ms]
2025-03-12 18:36:40.806 [info] > git config --get commit.template [7ms]
2025-03-12 18:36:40.806 [info] > git config --get --local branch.main.vscode-merge-base [1ms]
2025-03-12 18:36:40.806 [warning] [Git][config] git config failed: Failed to execute git
2025-03-12 18:36:40.806 [info] > git for-each-ref --format=%(refname)%00%(upstream:short)%00%(objectname)%00%(upstream:track)%00%(upstream:remotename)%00%(upstream:remoteref) refs/heads/main refs/remotes/main [1ms]
2025-03-12 18:36:40.806 [info] > git status -z -uall [3ms]
2025-03-12 18:36:40.806 [info] > git reflog main --grep-reflog=branch: Created from *. [8ms]
2025-03-12 18:36:40.806 [info] > git for-each-ref --sort -committerdate --format %(refname) %(objectname) %(*objectname) [4ms]
2025-03-12 18:36:40.806 [info] > git for-each-ref --format=%(refname)%00%(upstream:short)%00%(objectname)%00%(upstream:track)%00%(upstream:remotename)%00%(upstream:remoteref) refs/heads/main refs/remotes/main [1ms]
2025-03-12 18:36:40.806 [info] > git symbolic-ref --short refs/remotes/origin/HEAD [7ms]
2025-03-12 18:36:40.806 [info] fatal: ref refs/remotes/origin/HEAD is not a symbolic ref
2025-03-12 18:36:40.806 [warning] [Repository][getDefaultBranch] Failed to get default branch details: Failed to execute git.
2025-03-12 18:36:40.806 [info] > git config --get --local branch.main.vscode-merge-base [3ms]
2025-03-12 18:36:40.806 [warning] [Git][config] git config failed: Failed to execute git
2025-03-12 18:36:40.806 [info] > git merge-base refs/heads/main refs/remotes/origin/main [3ms]
2025-03-12 18:36:40.806 [info] > git reflog main --grep-reflog=branch: Created from *. [3ms]
2025-03-12 18:36:40.806 [info] > git diff --name-status -z --diff-filter=ADMR 89e31683cdbb7d286644636852dc80126abdad54...refs/remotes/origin/main [2ms]
2025-03-12 18:36:40.806 [info] > git symbolic-ref --short refs/remotes/origin/HEAD [1ms]
2025-03-12 18:36:40.806 [info] fatal: ref refs/remotes/origin/HEAD is not a symbolic ref
2025-03-12 18:36:40.806 [warning] [Repository][getDefaultBranch] Failed to get default branch details: Failed to execute git.
2025-03-12 18:36:41.229 [info] > git check-ignore -v -z --stdin [1ms]
2025-03-12 18:36:49.243 [info] > git config --get commit.template [3ms]
2025-03-12 18:36:49.244 [info] > git for-each-ref --format=%(refname)%00%(upstream:short)%00%(objectname)%00%(upstream:track)%00%(upstream:remotename)%00%(upstream:remoteref) refs/heads/main refs/remotes/main [1ms]
2025-03-12 18:36:49.248 [info] > git status -z -uall [3ms]
2025-03-12 18:36:49.249 [info] > git for-each-ref --sort -committerdate --format %(refname) %(objectname) %(*objectname) [1ms]
2025-03-12 18:36:54.257 [info] > git config --get commit.template [3ms]
2025-03-12 18:36:54.257 [info] > git for-each-ref --format=%(refname)%00%(upstream:short)%00%(objectname)%00%(upstream:track)%00%(upstream:remotename)%00%(upstream:remoteref) refs/heads/main refs/remotes/main [1ms]
2025-03-12 18:36:54.262 [info] > git status -z -uall [3ms]
2025-03-12 18:36:54.263 [info] > git for-each-ref --sort -committerdate --format %(refname) %(objectname) %(*objectname) [1ms]
2025-03-12 18:41:15.641 [info] > git show --textconv :docker-compose.yml [3ms]
2025-03-12 18:41:15.641 [info] > git ls-files --stage -- docker-compose.yml [1ms]
2025-03-12 18:41:15.644 [info] > git cat-file -s 8d65aba51a2272f9213e5b01a1120b3b65f16a53 [1ms]
2025-03-12 18:41:15.666 [info] > git blame --root --incremental 89e31683cdbb7d286644636852dc80126abdad54 -- docker-compose.yml [7ms]
2025-03-12 18:41:21.392 [info] > git config --get commit.template [3ms]
2025-03-12 18:41:21.392 [info] > git for-each-ref --format=%(refname)%00%(upstream:short)%00%(objectname)%00%(upstream:track)%00%(upstream:remotename)%00%(upstream:remoteref) refs/heads/main refs/remotes/main [1ms]
2025-03-12 18:41:21.397 [info] > git status -z -uall [3ms]
2025-03-12 18:41:21.398 [info] > git for-each-ref --sort -committerdate --format %(refname) %(objectname) %(*objectname) [1ms]
2025-03-12 18:41:34.184 [info] > git show --textconv :init.sql [2ms]
2025-03-12 18:41:34.187 [info] > git ls-files --stage -- init.sql [3ms]
2025-03-12 18:41:34.190 [info] > git hash-object -t tree /dev/null [3ms]
2025-03-12 18:41:34.190 [warning] [GitFileSystemProvider][readFile] File not found - git:/home/rank/ucc-gestionBS/init.sql.git?%7B%22path%22%3A%22%2Fhome%2Frank%2Fucc-gestionBS%2Finit.sql%22%2C%22ref%22%3A%22%22%7D
2025-03-12 18:41:34.192 [info] > git hash-object -t tree /dev/null [3ms]
2025-03-12 18:41:34.192 [warning] [GitFileSystemProvider][stat] File not found - git:/home/rank/ucc-gestionBS/init.sql.git?%7B%22path%22%3A%22%2Fhome%2Frank%2Fucc-gestionBS%2Finit.sql%22%2C%22ref%22%3A%22%22%7D
2025-03-12 18:41:34.464 [info] > git check-ignore -v -z --stdin [0ms]
2025-03-12 18:41:35.060 [info] > git config --get commit.template [2ms]
2025-03-12 18:41:35.061 [info] > git for-each-ref --format=%(refname)%00%(upstream:short)%00%(objectname)%00%(upstream:track)%00%(upstream:remotename)%00%(upstream:remoteref) refs/heads/main refs/remotes/main [1ms]
2025-03-12 18:41:35.066 [info] > git status -z -uall [3ms]
2025-03-12 18:41:35.066 [info] > git for-each-ref --sort -committerdate --format %(refname) %(objectname) %(*objectname) [1ms]
2025-03-12 18:41:42.505 [info] > git config --get commit.template [3ms]
2025-03-12 18:41:42.506 [info] > git for-each-ref --format=%(refname)%00%(upstream:short)%00%(objectname)%00%(upstream:track)%00%(upstream:remotename)%00%(upstream:remoteref) refs/heads/main refs/remotes/main [1ms]
2025-03-12 18:41:42.510 [info] > git status -z -uall [2ms]
2025-03-12 18:41:42.511 [info] > git for-each-ref --sort -committerdate --format %(refname) %(objectname) %(*objectname) [1ms]
2025-03-12 18:59:56.831 [info] > git ls-files --stage -- docker-compose.yml [7ms]
2025-03-12 18:59:56.834 [info] > git show --textconv :docker-compose.yml [13ms]
2025-03-12 18:59:56.834 [info] > git cat-file -s 8d65aba51a2272f9213e5b01a1120b3b65f16a53 [0ms]
2025-03-12 19:04:37.617 [info] > git show --textconv :docker-compose.yml [2ms]
2025-03-12 19:04:37.618 [info] > git ls-files --stage -- docker-compose.yml [1ms]
2025-03-12 19:04:37.620 [info] > git cat-file -s 8d65aba51a2272f9213e5b01a1120b3b65f16a53 [0ms]
2025-03-12 19:04:48.617 [info] > git show --textconv :docker-compose.yml [3ms]
2025-03-12 19:04:48.618 [info] > git ls-files --stage -- docker-compose.yml [1ms]
2025-03-12 19:04:48.620 [info] > git cat-file -s 8d65aba51a2272f9213e5b01a1120b3b65f16a53 [0ms]
2025-03-12 19:04:49.484 [info] > git config --get commit.template [3ms]
2025-03-12 19:04:49.486 [info] > git for-each-ref --format=%(refname)%00%(upstream:short)%00%(objectname)%00%(upstream:track)%00%(upstream:remotename)%00%(upstream:remoteref) refs/heads/main refs/remotes/main [2ms]
2025-03-12 19:04:49.491 [info] > git status -z -uall [3ms]
2025-03-12 19:04:49.492 [info] > git for-each-ref --sort -committerdate --format %(refname) %(objectname) %(*objectname) [2ms]
2025-03-12 19:05:01.837 [info] > git config --get commit.template [3ms]
2025-03-12 19:05:01.838 [info] > git for-each-ref --format=%(refname)%00%(upstream:short)%00%(objectname)%00%(upstream:track)%00%(upstream:remotename)%00%(upstream:remoteref) refs/heads/main refs/remotes/main [1ms]
2025-03-12 19:05:01.843 [info] > git status -z -uall [3ms]
2025-03-12 19:05:01.844 [info] > git for-each-ref --sort -committerdate --format %(refname) %(objectname) %(*objectname) [1ms]
2025-03-12 19:05:02.200 [info] > git show --textconv :docker-compose.yml [2ms]
2025-03-12 19:05:02.200 [info] > git ls-files --stage -- docker-compose.yml [0ms]
2025-03-12 19:05:02.203 [info] > git cat-file -s 8d65aba51a2272f9213e5b01a1120b3b65f16a53 [1ms]
2025-03-12 19:11:43.807 [info] > git config --get commit.template [3ms]
2025-03-12 19:11:43.807 [info] > git for-each-ref --format=%(refname)%00%(upstream:short)%00%(objectname)%00%(upstream:track)%00%(upstream:remotename)%00%(upstream:remoteref) refs/heads/main refs/remotes/main [1ms]
2025-03-12 19:11:43.812 [info] > git status -z -uall [3ms]
2025-03-12 19:11:43.813 [info] > git for-each-ref --sort -committerdate --format %(refname) %(objectname) %(*objectname) [1ms]
2025-03-12 19:11:46.118 [info] > git show --textconv :docker-compose.yml [2ms]
2025-03-12 19:11:46.119 [info] > git ls-files --stage -- docker-compose.yml [1ms]
2025-03-12 19:11:46.122 [info] > git cat-file -s 8d65aba51a2272f9213e5b01a1120b3b65f16a53 [1ms]
2025-03-12 19:13:23.273 [info] > git config --get commit.template [2ms]
2025-03-12 19:13:23.274 [info] > git for-each-ref --format=%(refname)%00%(upstream:short)%00%(objectname)%00%(upstream:track)%00%(upstream:remotename)%00%(upstream:remoteref) refs/heads/main refs/remotes/main [1ms]
2025-03-12 19:13:23.278 [info] > git status -z -uall [2ms]
2025-03-12 19:13:23.279 [info] > git for-each-ref --sort -committerdate --format %(refname) %(objectname) %(*objectname) [1ms]
